[INFO ] 2023-05-31 18:01:43.379 [main] Utils - [Utils] MethodGroupsHelper.collectMethodsByGroup() took 0 ms.
[INFO ] 2023-05-31 18:01:43.398 [main] Utils - [Utils] MethodGroupsHelper.sortMethods() took 2 ms.
[INFO ] 2023-05-31 18:01:43.401 [main] Utils - [Utils] MethodGroupsHelper.collectMethodsByGroup() took 0 ms.
[INFO ] 2023-05-31 18:01:43.402 [main] Utils - [Utils] MethodGroupsHelper.sortMethods() took 0 ms.
[INFO ] 2023-05-31 18:01:43.402 [main] Utils - [Utils] MethodGroupsHelper.collectMethodsByGroup() took 0 ms.
[INFO ] 2023-05-31 18:01:43.403 [main] Utils - [Utils] MethodGroupsHelper.sortMethods() took 0 ms.
[INFO ] 2023-05-31 18:01:43.404 [main] Utils - [Utils] MethodGroupsHelper.collectMethodsByGroup() took 0 ms.
[INFO ] 2023-05-31 18:01:43.404 [main] Utils - [Utils] MethodGroupsHelper.sortMethods() took 0 ms.
[INFO ] 2023-05-31 18:01:43.405 [main] Utils - [Utils] MethodGroupsHelper.collectMethodsByGroup() took 0 ms.
[INFO ] 2023-05-31 18:01:43.422 [main] Utils - [Utils] MethodGroupsHelper.sortMethods() took 16 ms.
[INFO ] 2023-05-31 18:01:43.424 [main] Utils - [Utils] MethodGroupsHelper.collectMethodsByGroup() took 0 ms.
[INFO ] 2023-05-31 18:01:43.424 [main] Utils - [Utils] MethodGroupsHelper.sortMethods() took 0 ms.
[INFO ] 2023-05-31 18:01:43.426 [main] Utils - [Utils] MethodGroupsHelper.collectMethodsByGroup() took 0 ms.
[INFO ] 2023-05-31 18:01:43.426 [main] Utils - [Utils] MethodGroupsHelper.sortMethods() took 0 ms.
[INFO ] 2023-05-31 18:01:43.427 [main] Utils - [Utils] MethodGroupsHelper.collectMethodsByGroup() took 0 ms.
[INFO ] 2023-05-31 18:01:43.427 [main] Utils - [Utils] MethodGroupsHelper.sortMethods() took 0 ms.
[INFO ] 2023-05-31 18:01:43.431 [main] Utils - [Utils] MethodGroupsHelper.collectMethodsByGroup() took 0 ms.
[INFO ] 2023-05-31 18:01:43.431 [main] Utils - [Utils] MethodGroupsHelper.sortMethods() took 0 ms.
[INFO ] 2023-05-31 18:01:43.432 [main] Utils - [Utils] MethodGroupsHelper.collectMethodsByGroup() took 0 ms.
[INFO ] 2023-05-31 18:01:43.433 [main] Utils - [Utils] MethodGroupsHelper.sortMethods() took 0 ms.
[INFO ] 2023-05-31 18:01:43.435 [main] Utils - [Utils] MethodGroupsHelper.collectMethodsByGroup() took 0 ms.
[INFO ] 2023-05-31 18:01:43.435 [main] Utils - [Utils] MethodGroupsHelper.sortMethods() took 0 ms.
[INFO ] 2023-05-31 18:01:43.435 [main] Utils - [Utils] MethodGroupsHelper.collectMethodsByGroup() took 0 ms.
[INFO ] 2023-05-31 18:01:43.435 [main] Utils - [Utils] MethodGroupsHelper.sortMethods() took 0 ms.
[INFO ] 2023-05-31 18:01:43.449 [main] Utils - [Utils] MethodGroupsHelper.collectMethodsByGroup() took 12 ms.
[INFO ] 2023-05-31 18:01:43.449 [main] Utils - [Utils] MethodGroupsHelper.sortMethods() took 0 ms.
[INFO ] 2023-05-31 18:01:43.450 [main] Utils - [Utils] MethodGroupsHelper.collectMethodsByGroup() took 0 ms.
[INFO ] 2023-05-31 18:01:43.451 [main] Utils - [Utils] MethodGroupsHelper.sortMethods() took 0 ms.
[INFO ] 2023-05-31 18:01:43.451 [main] Utils - [Utils] MethodGroupsHelper.collectMethodsByGroup() took 0 ms.
[INFO ] 2023-05-31 18:01:43.451 [main] Utils - [Utils] MethodGroupsHelper.sortMethods() took 0 ms.
[INFO ] 2023-05-31 18:01:43.469 [main] Utils - [Utils] MethodGroupsHelper.collectMethodsByGroup() took 0 ms.
[INFO ] 2023-05-31 18:01:43.469 [main] Utils - [Utils] MethodGroupsHelper.sortMethods() took 0 ms.
[INFO ] 2023-05-31 18:01:43.472 [main] Utils - [Utils] MethodGroupsHelper.collectMethodsByGroup() took 0 ms.
[INFO ] 2023-05-31 18:01:43.473 [main] Utils - [Utils] MethodGroupsHelper.sortMethods() took 0 ms.
[INFO ] 2023-05-31 18:01:43.476 [main] Utils - [Utils] MethodGroupsHelper.collectMethodsByGroup() took 0 ms.
[INFO ] 2023-05-31 18:01:43.476 [main] Utils - [Utils] MethodGroupsHelper.sortMethods() took 0 ms.
[INFO ] 2023-05-31 18:01:43.477 [main] Utils - [Utils] MethodGroupsHelper.collectMethodsByGroup() took 0 ms.
[INFO ] 2023-05-31 18:01:43.482 [main] Utils - [Utils] MethodGroupsHelper.sortMethods() took 0 ms.
[INFO ] 2023-05-31 18:01:43.489 [main] Utils - [Utils] MethodGroupsHelper.collectMethodsByGroup() took 0 ms.
[INFO ] 2023-05-31 18:01:43.489 [main] Utils - [Utils] MethodGroupsHelper.sortMethods() took 0 ms.
[INFO ] 2023-05-31 18:01:43.490 [main] Utils - [Utils] MethodGroupsHelper.collectMethodsByGroup() took 0 ms.
[INFO ] 2023-05-31 18:01:43.491 [main] Utils - [Utils] MethodGroupsHelper.sortMethods() took 0 ms.
[INFO ] 2023-05-31 18:01:43.492 [main] Utils - [Utils] MethodGroupsHelper.collectMethodsByGroup() took 0 ms.
[INFO ] 2023-05-31 18:01:43.492 [main] Utils - [Utils] MethodGroupsHelper.sortMethods() took 0 ms.
[INFO ] 2023-05-31 18:01:43.492 [main] Utils - [Utils] MethodGroupsHelper.collectMethodsByGroup() took 0 ms.
[INFO ] 2023-05-31 18:01:43.493 [main] Utils - [Utils] MethodGroupsHelper.sortMethods() took 0 ms.
[INFO ] 2023-05-31 18:01:43.493 [main] Utils - [Utils] MethodGroupsHelper.collectMethodsByGroup() took 0 ms.
[INFO ] 2023-05-31 18:01:43.494 [main] Utils - [Utils] MethodGroupsHelper.sortMethods() took 0 ms.
[INFO ] 2023-05-31 18:01:43.495 [main] Utils - [Utils] MethodGroupsHelper.collectMethodsByGroup() took 0 ms.
[INFO ] 2023-05-31 18:01:43.495 [main] Utils - [Utils] MethodGroupsHelper.sortMethods() took 0 ms.
[INFO ] 2023-05-31 18:01:43.495 [main] Utils - [Utils] MethodGroupsHelper.collectMethodsByGroup() took 0 ms.
[INFO ] 2023-05-31 18:01:43.495 [main] Utils - [Utils] MethodGroupsHelper.sortMethods() took 0 ms.
[INFO ] 2023-05-31 18:01:43.495 [main] Utils - [Utils] MethodGroupsHelper.collectMethodsByGroup() took 0 ms.
[INFO ] 2023-05-31 18:01:43.496 [main] Utils - [Utils] MethodGroupsHelper.sortMethods() took 0 ms.
[INFO ] 2023-05-31 18:01:43.496 [main] Utils - [Utils] MethodGroupsHelper.collectMethodsByGroup() took 0 ms.
[INFO ] 2023-05-31 18:01:43.497 [main] Utils - [Utils] MethodGroupsHelper.sortMethods() took 0 ms.
[INFO ] 2023-05-31 18:01:43.497 [main] Utils - [Utils] MethodGroupsHelper.collectMethodsByGroup() took 0 ms.
[INFO ] 2023-05-31 18:01:43.497 [main] Utils - [Utils] MethodGroupsHelper.sortMethods() took 0 ms.
[INFO ] 2023-05-31 18:01:43.498 [main] Utils - [Utils] MethodGroupsHelper.collectMethodsByGroup() took 0 ms.
[INFO ] 2023-05-31 18:01:43.498 [main] Utils - [Utils] MethodGroupsHelper.sortMethods() took 0 ms.
[INFO ] 2023-05-31 18:01:43.511 [main] Utils - [Utils] MethodGroupsHelper.collectMethodsByGroup() took 0 ms.
[INFO ] 2023-05-31 18:01:43.511 [main] Utils - [Utils] MethodGroupsHelper.sortMethods() took 0 ms.
[INFO ] 2023-05-31 18:01:43.511 [main] Utils - [Utils] MethodGroupsHelper.collectMethodsByGroup() took 0 ms.
[INFO ] 2023-05-31 18:01:43.512 [main] Utils - [Utils] MethodGroupsHelper.sortMethods() took 0 ms.
[INFO ] 2023-05-31 18:01:43.512 [main] Utils - [Utils] MethodGroupsHelper.collectMethodsByGroup() took 0 ms.
[INFO ] 2023-05-31 18:01:43.512 [main] Utils - [Utils] MethodGroupsHelper.sortMethods() took 0 ms.
[INFO ] 2023-05-31 18:01:43.513 [main] Utils - [Utils] MethodGroupsHelper.collectMethodsByGroup() took 0 ms.
[INFO ] 2023-05-31 18:01:43.513 [main] Utils - [Utils] MethodGroupsHelper.sortMethods() took 0 ms.
[INFO ] 2023-05-31 18:01:43.513 [main] Utils - [Utils] MethodGroupsHelper.collectMethodsByGroup() took 0 ms.
[INFO ] 2023-05-31 18:01:43.514 [main] Utils - [Utils] MethodGroupsHelper.sortMethods() took 0 ms.
[INFO ] 2023-05-31 18:01:43.516 [main] Utils - [Utils] MethodGroupsHelper.collectMethodsByGroup() took 0 ms.
[INFO ] 2023-05-31 18:01:43.516 [main] Utils - [Utils] MethodGroupsHelper.sortMethods() took 0 ms.
[INFO ] 2023-05-31 18:01:43.517 [main] Utils - [Utils] MethodGroupsHelper.collectMethodsByGroup() took 0 ms.
[INFO ] 2023-05-31 18:01:43.517 [main] Utils - [Utils] MethodGroupsHelper.sortMethods() took 0 ms.
[INFO ] 2023-05-31 18:01:43.517 [main] Utils - [Utils] MethodGroupsHelper.collectMethodsByGroup() took 0 ms.
[INFO ] 2023-05-31 18:01:43.518 [main] Utils - [Utils] MethodGroupsHelper.sortMethods() took 0 ms.
[INFO ] 2023-05-31 18:01:43.518 [main] Utils - [Utils] MethodGroupsHelper.collectMethodsByGroup() took 0 ms.
[INFO ] 2023-05-31 18:01:43.519 [main] Utils - [Utils] MethodGroupsHelper.sortMethods() took 0 ms.
[INFO ] 2023-05-31 18:01:43.519 [main] Utils - [Utils] MethodGroupsHelper.collectMethodsByGroup() took 0 ms.
[INFO ] 2023-05-31 18:01:43.519 [main] Utils - [Utils] MethodGroupsHelper.sortMethods() took 0 ms.
[INFO ] 2023-05-31 18:01:43.520 [main] Utils - [Utils] MethodGroupsHelper.collectMethodsByGroup() took 0 ms.
[INFO ] 2023-05-31 18:01:43.520 [main] Utils - [Utils] MethodGroupsHelper.sortMethods() took 0 ms.
[INFO ] 2023-05-31 18:01:43.520 [main] Utils - [Utils] MethodGroupsHelper.collectMethodsByGroup() took 0 ms.
[INFO ] 2023-05-31 18:01:43.520 [main] Utils - [Utils] MethodGroupsHelper.sortMethods() took 0 ms.
[INFO ] 2023-05-31 18:01:43.521 [main] Utils - [Utils] MethodGroupsHelper.collectMethodsByGroup() took 0 ms.
[INFO ] 2023-05-31 18:01:43.521 [main] Utils - [Utils] MethodGroupsHelper.sortMethods() took 0 ms.
[INFO ] 2023-05-31 18:01:43.521 [main] Utils - [Utils] MethodGroupsHelper.collectMethodsByGroup() took 0 ms.
[INFO ] 2023-05-31 18:01:43.521 [main] Utils - [Utils] MethodGroupsHelper.sortMethods() took 0 ms.
[INFO ] 2023-05-31 18:01:43.521 [main] Utils - [Utils] MethodGroupsHelper.collectMethodsByGroup() took 0 ms.
[INFO ] 2023-05-31 18:01:43.521 [main] Utils - [Utils] MethodGroupsHelper.sortMethods() took 0 ms.
[INFO ] 2023-05-31 18:01:43.526 [main] Utils - [Utils] MethodGroupsHelper.collectMethodsByGroup() took 0 ms.
[INFO ] 2023-05-31 18:01:43.526 [main] Utils - [Utils] MethodGroupsHelper.sortMethods() took 0 ms.
[INFO ] 2023-05-31 18:01:43.527 [main] Utils - [Utils] MethodGroupsHelper.collectMethodsByGroup() took 0 ms.
[INFO ] 2023-05-31 18:01:43.527 [main] Utils - [Utils] MethodGroupsHelper.sortMethods() took 0 ms.
[INFO ] 2023-05-31 18:01:43.527 [main] Utils - [Utils] MethodGroupsHelper.collectMethodsByGroup() took 0 ms.
[INFO ] 2023-05-31 18:01:43.527 [main] Utils - [Utils] MethodGroupsHelper.sortMethods() took 0 ms.
[INFO ] 2023-05-31 18:01:43.528 [main] Utils - [Utils] MethodGroupsHelper.collectMethodsByGroup() took 0 ms.
[INFO ] 2023-05-31 18:01:43.528 [main] Utils - [Utils] MethodGroupsHelper.sortMethods() took 0 ms.
[INFO ] 2023-05-31 18:01:43.528 [main] Utils - [Utils] MethodGroupsHelper.collectMethodsByGroup() took 0 ms.
[INFO ] 2023-05-31 18:01:43.529 [main] Utils - [Utils] MethodGroupsHelper.sortMethods() took 0 ms.
[INFO ] 2023-05-31 18:01:43.529 [main] Utils - [Utils] MethodGroupsHelper.collectMethodsByGroup() took 0 ms.
[INFO ] 2023-05-31 18:01:43.530 [main] Utils - [Utils] MethodGroupsHelper.sortMethods() took 0 ms.
[INFO ] 2023-05-31 18:01:43.530 [main] Utils - [Utils] MethodGroupsHelper.collectMethodsByGroup() took 0 ms.
[INFO ] 2023-05-31 18:01:43.530 [main] Utils - [Utils] MethodGroupsHelper.sortMethods() took 0 ms.
[INFO ] 2023-05-31 18:01:43.531 [main] Utils - [Utils] MethodGroupsHelper.collectMethodsByGroup() took 0 ms.
[INFO ] 2023-05-31 18:01:43.531 [main] Utils - [Utils] MethodGroupsHelper.sortMethods() took 0 ms.
[INFO ] 2023-05-31 18:01:43.531 [main] Utils - [Utils] MethodGroupsHelper.collectMethodsByGroup() took 0 ms.
[INFO ] 2023-05-31 18:01:43.532 [main] Utils - [Utils] MethodGroupsHelper.sortMethods() took 0 ms.
[INFO ] 2023-05-31 18:01:43.532 [main] Utils - [Utils] MethodGroupsHelper.collectMethodsByGroup() took 0 ms.
[INFO ] 2023-05-31 18:01:43.532 [main] Utils - [Utils] MethodGroupsHelper.sortMethods() took 0 ms.
[INFO ] 2023-05-31 18:01:43.532 [main] Utils - [Utils] MethodGroupsHelper.collectMethodsByGroup() took 0 ms.
[INFO ] 2023-05-31 18:01:43.533 [main] Utils - [Utils] MethodGroupsHelper.sortMethods() took 0 ms.
[INFO ] 2023-05-31 18:01:43.533 [main] Utils - [Utils] MethodGroupsHelper.collectMethodsByGroup() took 0 ms.
[INFO ] 2023-05-31 18:01:43.533 [main] Utils - [Utils] MethodGroupsHelper.sortMethods() took 0 ms.
[INFO ] 2023-05-31 18:01:43.533 [main] Utils - [Utils] MethodGroupsHelper.collectMethodsByGroup() took 0 ms.
[INFO ] 2023-05-31 18:01:43.533 [main] Utils - [Utils] MethodGroupsHelper.sortMethods() took 0 ms.
[INFO ] 2023-05-31 18:01:43.533 [main] Utils - [Utils] MethodGroupsHelper.collectMethodsByGroup() took 0 ms.
[INFO ] 2023-05-31 18:01:43.534 [main] Utils - [Utils] MethodGroupsHelper.sortMethods() took 0 ms.
[INFO ] 2023-05-31 18:01:43.534 [main] Utils - [Utils] MethodGroupsHelper.collectMethodsByGroup() took 0 ms.
[INFO ] 2023-05-31 18:01:43.534 [main] Utils - [Utils] MethodGroupsHelper.sortMethods() took 0 ms.
[INFO ] 2023-05-31 18:01:43.559 [main] Utils - [Utils] DynamicGraphHelper.createDynamicGraph() took 9 ms.
[INFO ] 2023-05-31 18:01:43.589 [main] AppiumCommonUtils - SuperBaseclass: Setup() is Start
[INFO ] 2023-05-31 18:01:43.590 [main] AppiumCommonUtils - Properties file is loaded by setupPropertiesLoad()
[INFO ] 2023-05-31 18:01:43.590 [main] AppiumCommonUtils - startAppiumServer() method is call
[ERROR] 2023-05-31 18:01:43.675 [main] AppiumCommonUtils - ***** Appium server is not started : The invalid IP address $ipaddress is defined
[INFO ] 2023-05-31 18:01:43.675 [main] AppiumCommonUtils - Set APK file name is:- General-Store
[INFO ] 2023-05-31 18:01:43.675 [main] AppiumCommonUtils - getCapabilities() method is call
[INFO ] 2023-05-31 18:01:44.544 [main] AppiumCommonUtils - Platform Name - Android
[INFO ] 2023-05-31 18:01:44.545 [main] AppiumCommonUtils - Device UDID   - JZBUSWZ9ROOBQ8ZD
[INFO ] 2023-05-31 18:01:44.545 [main] AppiumCommonUtils - Product Verison - 8.1.0
[INFO ] 2023-05-31 18:01:44.545 [main] AppiumCommonUtils - Model Number   - vivo 1820
[INFO ] 2023-05-31 18:01:44.545 [main] AppiumCommonUtils - Buld Verison   - 27
[INFO ] 2023-05-31 18:01:44.546 [main] AppiumCommonUtils - Capabilities are successfully taken
[ERROR] 2023-05-31 18:01:44.635 [main] AppiumCommonUtils - ***** SuperBaseclass: Setup() is not run..null
[INFO ] 2023-05-31 18:01:44.649 [main] AppiumCommonUtils - BeforeMethod() start
[INFO ] 2023-05-31 18:01:44.783 [main] AppiumCommonUtils - get Package before start activity:com.androidsample.generalstore
[INFO ] 2023-05-31 18:01:44.783 [main] AppiumCommonUtils - get Package before start activity:com.androidsample.generalstore.SplashActivity
[INFO ] 2023-05-31 18:01:44.803 [main] AppiumCommonUtils - Teardown() is start
[ERROR] 2023-05-31 18:01:44.803 [main] AppiumCommonUtils - Appium server is not closing:- null
[INFO ] 2023-05-31 18:01:45.236 [main] Utils - [Utils] DynamicGraphHelper.createDynamicGraph() took 0 ms.
[INFO ] 2023-05-31 18:01:45.238 [main] AppiumCommonUtils - SuperBaseclass: Setup() is Start
[INFO ] 2023-05-31 18:01:45.239 [main] AppiumCommonUtils - Properties file is loaded by setupPropertiesLoad()
[INFO ] 2023-05-31 18:01:45.239 [main] AppiumCommonUtils - startAppiumServer() method is call
[ERROR] 2023-05-31 18:01:45.243 [main] AppiumCommonUtils - ***** Appium server is not started : The invalid IP address $ipaddress is defined
[INFO ] 2023-05-31 18:01:45.243 [main] AppiumCommonUtils - Set APK file name is:- General-Store
[INFO ] 2023-05-31 18:01:45.243 [main] AppiumCommonUtils - getCapabilities() method is call
[INFO ] 2023-05-31 18:01:45.707 [main] AppiumCommonUtils - Platform Name - Android
[INFO ] 2023-05-31 18:01:45.707 [main] AppiumCommonUtils - Device UDID   - JZBUSWZ9ROOBQ8ZD
[INFO ] 2023-05-31 18:01:45.707 [main] AppiumCommonUtils - Product Verison - 8.1.0
[INFO ] 2023-05-31 18:01:45.708 [main] AppiumCommonUtils - Model Number   - vivo 1820
[INFO ] 2023-05-31 18:01:45.708 [main] AppiumCommonUtils - Buld Verison   - 27
[INFO ] 2023-05-31 18:01:45.708 [main] AppiumCommonUtils - Capabilities are successfully taken
[ERROR] 2023-05-31 18:01:45.709 [main] AppiumCommonUtils - ***** SuperBaseclass: Setup() is not run..null
[INFO ] 2023-05-31 18:01:45.711 [main] AppiumCommonUtils - BeforeMethod() start
[INFO ] 2023-05-31 18:01:45.712 [main] AppiumCommonUtils - get Package before start activity:com.androidsample.generalstore
[INFO ] 2023-05-31 18:01:45.712 [main] AppiumCommonUtils - get Package before start activity:com.androidsample.generalstore.SplashActivity
[INFO ] 2023-05-31 18:01:45.714 [main] AppiumCommonUtils - Teardown() is start
[ERROR] 2023-05-31 18:01:45.714 [main] AppiumCommonUtils - Appium server is not closing:- null
[INFO ] 2023-05-31 18:01:45.741 [main] Utils - [Utils] DynamicGraphHelper.createDynamicGraph() took 0 ms.
[INFO ] 2023-05-31 18:01:45.742 [main] AppiumCommonUtils - SuperBaseclass: Setup() is Start
[INFO ] 2023-05-31 18:01:45.743 [main] AppiumCommonUtils - Properties file is loaded by setupPropertiesLoad()
[INFO ] 2023-05-31 18:01:45.744 [main] AppiumCommonUtils - startAppiumServer() method is call
[ERROR] 2023-05-31 18:01:45.746 [main] AppiumCommonUtils - ***** Appium server is not started : The invalid IP address $ipaddress is defined
[INFO ] 2023-05-31 18:01:45.746 [main] AppiumCommonUtils - Set APK file name is:- General-Store
[INFO ] 2023-05-31 18:01:45.746 [main] AppiumCommonUtils - getCapabilities() method is call
[INFO ] 2023-05-31 18:01:46.265 [main] AppiumCommonUtils - Platform Name - Android
[INFO ] 2023-05-31 18:01:46.265 [main] AppiumCommonUtils - Device UDID   - JZBUSWZ9ROOBQ8ZD
[INFO ] 2023-05-31 18:01:46.265 [main] AppiumCommonUtils - Product Verison - 8.1.0
[INFO ] 2023-05-31 18:01:46.265 [main] AppiumCommonUtils - Model Number   - vivo 1820
[INFO ] 2023-05-31 18:01:46.265 [main] AppiumCommonUtils - Buld Verison   - 27
[INFO ] 2023-05-31 18:01:46.266 [main] AppiumCommonUtils - Capabilities are successfully taken
[ERROR] 2023-05-31 18:01:46.267 [main] AppiumCommonUtils - ***** SuperBaseclass: Setup() is not run..null
[INFO ] 2023-05-31 18:01:46.272 [main] AppiumCommonUtils - BeforeMethod() start
[INFO ] 2023-05-31 18:01:46.273 [main] AppiumCommonUtils - get Package before start activity:com.androidsample.generalstore
[INFO ] 2023-05-31 18:01:46.273 [main] AppiumCommonUtils - get Package before start activity:com.androidsample.generalstore.SplashActivity
[INFO ] 2023-05-31 18:01:46.276 [main] AppiumCommonUtils - Teardown() is start
[ERROR] 2023-05-31 18:01:46.277 [main] AppiumCommonUtils - Appium server is not closing:- null
[INFO ] 2023-05-31 18:01:46.304 [main] Utils - [Utils] DynamicGraphHelper.createDynamicGraph() took 0 ms.
[INFO ] 2023-05-31 18:01:46.321 [main] Utils - [TestNG] Time taken by org.testng.internal.ExitCodeListener@b887730: 0 ms
[INFO ] 2023-05-31 18:01:46.376 [main] Utils - [TestNG] Time taken by org.testng.reporters.SuiteHTMLReporter@7afc4db9: 55 ms
[ERROR] 2023-05-31 18:01:46.425 [main] Main - C:\Users\Achal Trivedi\IdeaProjects\AppiumFrameworkDesign\target\surefire-reports\jquery-3.6.0.min.js
java.nio.file.FileAlreadyExistsException: C:\Users\Achal Trivedi\IdeaProjects\AppiumFrameworkDesign\target\surefire-reports\jquery-3.6.0.min.js
	at sun.nio.fs.WindowsException.translateToIOException(WindowsException.java:87) ~[?:?]
	at sun.nio.fs.WindowsException.rethrowAsIOException(WindowsException.java:103) ~[?:?]
	at sun.nio.fs.WindowsException.rethrowAsIOException(WindowsException.java:108) ~[?:?]
	at sun.nio.fs.WindowsFileSystemProvider.newByteChannel(WindowsFileSystemProvider.java:235) ~[?:?]
	at java.nio.file.spi.FileSystemProvider.newOutputStream(FileSystemProvider.java:478) ~[?:?]
	at java.nio.file.Files.newOutputStream(Files.java:220) ~[?:?]
	at java.nio.file.Files.copy(Files.java:3067) ~[?:?]
	at org.testng.reporters.jq.Main.generateReport(Main.java:95) [testng-7.6.1.jar:7.6.1]
	at org.testng.TestNG.generateReports(TestNG.java:1134) [testng-7.6.1.jar:7.6.1]
	at org.testng.TestNG.run(TestNG.java:1072) [testng-7.6.1.jar:7.6.1]
	at org.apache.maven.surefire.testng.TestNGExecutor.run(TestNGExecutor.java:308) [surefire-testng-3.0.0.jar:3.0.0]
	at org.apache.maven.surefire.testng.TestNGXmlTestSuite.execute(TestNGXmlTestSuite.java:71) [surefire-testng-3.0.0.jar:3.0.0]
	at org.apache.maven.surefire.testng.TestNGProvider.invoke(TestNGProvider.java:113) [surefire-testng-3.0.0.jar:3.0.0]
	at org.apache.maven.surefire.booter.ForkedBooter.runSuitesInProcess(ForkedBooter.java:385) [surefire-booter-3.0.0.jar:3.0.0]
	at org.apache.maven.surefire.booter.ForkedBooter.execute(ForkedBooter.java:162) [surefire-booter-3.0.0.jar:3.0.0]
	at org.apache.maven.surefire.booter.ForkedBooter.run(ForkedBooter.java:507) [surefire-booter-3.0.0.jar:3.0.0]
	at org.apache.maven.surefire.booter.ForkedBooter.main(ForkedBooter.java:495) [surefire-booter-3.0.0.jar:3.0.0]
[INFO ] 2023-05-31 18:01:46.437 [main] Utils - [TestNG] Time taken by org.testng.reporters.jq.Main@37c36608: 61 ms
[INFO ] 2023-05-31 18:01:46.450 [main] Utils - [TestNG] Time taken by org.testng.reporters.FailedReporter@4cbc2e3b: 13 ms
[INFO ] 2023-05-31 18:01:46.463 [main] Utils - [TestNG] Time taken by org.testng.reporters.XMLReporter@480ad82c: 13 ms
[INFO ] 2023-05-31 18:01:46.477 [main] Utils - [TestNG] Time taken by org.testng.reporters.EmailableReporter2@5d8ab698: 14 ms
[INFO ] 2023-05-31 18:01:46.497 [main] Utils - [TestNG] Time taken by org.testng.reporters.JUnitReportReporter@80bfa9d: 20 ms
