[INFO ] 2023-05-19 18:02:03.926 [main] Utils - [Utils] MethodGroupsHelper.collectMethodsByGroup() took 0 ms.
[INFO ] 2023-05-19 18:02:03.947 [main] Utils - [Utils] MethodGroupsHelper.sortMethods() took 2 ms.
[INFO ] 2023-05-19 18:02:03.950 [main] Utils - [Utils] MethodGroupsHelper.collectMethodsByGroup() took 0 ms.
[INFO ] 2023-05-19 18:02:03.950 [main] Utils - [Utils] MethodGroupsHelper.sortMethods() took 0 ms.
[INFO ] 2023-05-19 18:02:03.951 [main] Utils - [Utils] MethodGroupsHelper.collectMethodsByGroup() took 0 ms.
[INFO ] 2023-05-19 18:02:03.951 [main] Utils - [Utils] MethodGroupsHelper.sortMethods() took 0 ms.
[INFO ] 2023-05-19 18:02:03.967 [main] Utils - [Utils] MethodGroupsHelper.collectMethodsByGroup() took 0 ms.
[INFO ] 2023-05-19 18:02:03.967 [main] Utils - [Utils] MethodGroupsHelper.sortMethods() took 0 ms.
[INFO ] 2023-05-19 18:02:03.969 [main] Utils - [Utils] MethodGroupsHelper.collectMethodsByGroup() took 0 ms.
[INFO ] 2023-05-19 18:02:03.992 [main] Utils - [Utils] MethodGroupsHelper.sortMethods() took 21 ms.
[INFO ] 2023-05-19 18:02:03.993 [main] Utils - [Utils] MethodGroupsHelper.collectMethodsByGroup() took 0 ms.
[INFO ] 2023-05-19 18:02:03.994 [main] Utils - [Utils] MethodGroupsHelper.sortMethods() took 0 ms.
[INFO ] 2023-05-19 18:02:03.995 [main] Utils - [Utils] MethodGroupsHelper.collectMethodsByGroup() took 0 ms.
[INFO ] 2023-05-19 18:02:03.995 [main] Utils - [Utils] MethodGroupsHelper.sortMethods() took 0 ms.
[INFO ] 2023-05-19 18:02:03.996 [main] Utils - [Utils] MethodGroupsHelper.collectMethodsByGroup() took 0 ms.
[INFO ] 2023-05-19 18:02:03.996 [main] Utils - [Utils] MethodGroupsHelper.sortMethods() took 0 ms.
[INFO ] 2023-05-19 18:02:04.004 [main] Utils - [Utils] MethodGroupsHelper.collectMethodsByGroup() took 0 ms.
[INFO ] 2023-05-19 18:02:04.005 [main] Utils - [Utils] MethodGroupsHelper.sortMethods() took 0 ms.
[INFO ] 2023-05-19 18:02:04.006 [main] Utils - [Utils] MethodGroupsHelper.collectMethodsByGroup() took 0 ms.
[INFO ] 2023-05-19 18:02:04.006 [main] Utils - [Utils] MethodGroupsHelper.sortMethods() took 0 ms.
[INFO ] 2023-05-19 18:02:04.008 [main] Utils - [Utils] MethodGroupsHelper.collectMethodsByGroup() took 0 ms.
[INFO ] 2023-05-19 18:02:04.008 [main] Utils - [Utils] MethodGroupsHelper.sortMethods() took 0 ms.
[INFO ] 2023-05-19 18:02:04.008 [main] Utils - [Utils] MethodGroupsHelper.collectMethodsByGroup() took 0 ms.
[INFO ] 2023-05-19 18:02:04.008 [main] Utils - [Utils] MethodGroupsHelper.sortMethods() took 0 ms.
[INFO ] 2023-05-19 18:02:04.021 [main] Utils - [Utils] MethodGroupsHelper.collectMethodsByGroup() took 11 ms.
[INFO ] 2023-05-19 18:02:04.021 [main] Utils - [Utils] MethodGroupsHelper.sortMethods() took 0 ms.
[INFO ] 2023-05-19 18:02:04.023 [main] Utils - [Utils] MethodGroupsHelper.collectMethodsByGroup() took 1 ms.
[INFO ] 2023-05-19 18:02:04.023 [main] Utils - [Utils] MethodGroupsHelper.sortMethods() took 0 ms.
[INFO ] 2023-05-19 18:02:04.023 [main] Utils - [Utils] MethodGroupsHelper.collectMethodsByGroup() took 0 ms.
[INFO ] 2023-05-19 18:02:04.023 [main] Utils - [Utils] MethodGroupsHelper.sortMethods() took 0 ms.
[INFO ] 2023-05-19 18:02:04.046 [main] Utils - [Utils] MethodGroupsHelper.collectMethodsByGroup() took 0 ms.
[INFO ] 2023-05-19 18:02:04.047 [main] Utils - [Utils] MethodGroupsHelper.sortMethods() took 0 ms.
[INFO ] 2023-05-19 18:02:04.047 [main] Utils - [Utils] MethodGroupsHelper.collectMethodsByGroup() took 0 ms.
[INFO ] 2023-05-19 18:02:04.047 [main] Utils - [Utils] MethodGroupsHelper.sortMethods() took 0 ms.
[INFO ] 2023-05-19 18:02:04.048 [main] Utils - [Utils] MethodGroupsHelper.collectMethodsByGroup() took 0 ms.
[INFO ] 2023-05-19 18:02:04.048 [main] Utils - [Utils] MethodGroupsHelper.sortMethods() took 0 ms.
[INFO ] 2023-05-19 18:02:04.049 [main] Utils - [Utils] MethodGroupsHelper.collectMethodsByGroup() took 0 ms.
[INFO ] 2023-05-19 18:02:04.049 [main] Utils - [Utils] MethodGroupsHelper.sortMethods() took 0 ms.
[INFO ] 2023-05-19 18:02:04.050 [main] Utils - [Utils] MethodGroupsHelper.collectMethodsByGroup() took 0 ms.
[INFO ] 2023-05-19 18:02:04.051 [main] Utils - [Utils] MethodGroupsHelper.sortMethods() took 1 ms.
[INFO ] 2023-05-19 18:02:04.053 [main] Utils - [Utils] MethodGroupsHelper.collectMethodsByGroup() took 0 ms.
[INFO ] 2023-05-19 18:02:04.053 [main] Utils - [Utils] MethodGroupsHelper.sortMethods() took 0 ms.
[INFO ] 2023-05-19 18:02:04.054 [main] Utils - [Utils] MethodGroupsHelper.collectMethodsByGroup() took 0 ms.
[INFO ] 2023-05-19 18:02:04.054 [main] Utils - [Utils] MethodGroupsHelper.sortMethods() took 0 ms.
[INFO ] 2023-05-19 18:02:04.055 [main] Utils - [Utils] MethodGroupsHelper.collectMethodsByGroup() took 0 ms.
[INFO ] 2023-05-19 18:02:04.055 [main] Utils - [Utils] MethodGroupsHelper.sortMethods() took 0 ms.
[INFO ] 2023-05-19 18:02:04.056 [main] Utils - [Utils] MethodGroupsHelper.collectMethodsByGroup() took 0 ms.
[INFO ] 2023-05-19 18:02:04.056 [main] Utils - [Utils] MethodGroupsHelper.sortMethods() took 0 ms.
[INFO ] 2023-05-19 18:02:04.057 [main] Utils - [Utils] MethodGroupsHelper.collectMethodsByGroup() took 0 ms.
[INFO ] 2023-05-19 18:02:04.057 [main] Utils - [Utils] MethodGroupsHelper.sortMethods() took 0 ms.
[INFO ] 2023-05-19 18:02:04.057 [main] Utils - [Utils] MethodGroupsHelper.collectMethodsByGroup() took 0 ms.
[INFO ] 2023-05-19 18:02:04.057 [main] Utils - [Utils] MethodGroupsHelper.sortMethods() took 0 ms.
[INFO ] 2023-05-19 18:02:04.058 [main] Utils - [Utils] MethodGroupsHelper.collectMethodsByGroup() took 0 ms.
[INFO ] 2023-05-19 18:02:04.058 [main] Utils - [Utils] MethodGroupsHelper.sortMethods() took 0 ms.
[INFO ] 2023-05-19 18:02:04.061 [main] Utils - [Utils] MethodGroupsHelper.collectMethodsByGroup() took 0 ms.
[INFO ] 2023-05-19 18:02:04.061 [main] Utils - [Utils] MethodGroupsHelper.sortMethods() took 0 ms.
[INFO ] 2023-05-19 18:02:04.061 [main] Utils - [Utils] MethodGroupsHelper.collectMethodsByGroup() took 0 ms.
[INFO ] 2023-05-19 18:02:04.062 [main] Utils - [Utils] MethodGroupsHelper.sortMethods() took 0 ms.
[INFO ] 2023-05-19 18:02:04.062 [main] Utils - [Utils] MethodGroupsHelper.collectMethodsByGroup() took 0 ms.
[INFO ] 2023-05-19 18:02:04.062 [main] Utils - [Utils] MethodGroupsHelper.sortMethods() took 0 ms.
[INFO ] 2023-05-19 18:02:04.079 [main] Utils - [Utils] MethodGroupsHelper.collectMethodsByGroup() took 0 ms.
[INFO ] 2023-05-19 18:02:04.079 [main] Utils - [Utils] MethodGroupsHelper.sortMethods() took 0 ms.
[INFO ] 2023-05-19 18:02:04.080 [main] Utils - [Utils] MethodGroupsHelper.collectMethodsByGroup() took 0 ms.
[INFO ] 2023-05-19 18:02:04.080 [main] Utils - [Utils] MethodGroupsHelper.sortMethods() took 0 ms.
[INFO ] 2023-05-19 18:02:04.080 [main] Utils - [Utils] MethodGroupsHelper.collectMethodsByGroup() took 0 ms.
[INFO ] 2023-05-19 18:02:04.081 [main] Utils - [Utils] MethodGroupsHelper.sortMethods() took 0 ms.
[INFO ] 2023-05-19 18:02:04.082 [main] Utils - [Utils] MethodGroupsHelper.collectMethodsByGroup() took 0 ms.
[INFO ] 2023-05-19 18:02:04.082 [main] Utils - [Utils] MethodGroupsHelper.sortMethods() took 0 ms.
[INFO ] 2023-05-19 18:02:04.083 [main] Utils - [Utils] MethodGroupsHelper.collectMethodsByGroup() took 0 ms.
[INFO ] 2023-05-19 18:02:04.084 [main] Utils - [Utils] MethodGroupsHelper.sortMethods() took 0 ms.
[INFO ] 2023-05-19 18:02:04.086 [main] Utils - [Utils] MethodGroupsHelper.collectMethodsByGroup() took 0 ms.
[INFO ] 2023-05-19 18:02:04.088 [main] Utils - [Utils] MethodGroupsHelper.sortMethods() took 1 ms.
[INFO ] 2023-05-19 18:02:04.090 [main] Utils - [Utils] MethodGroupsHelper.collectMethodsByGroup() took 0 ms.
[INFO ] 2023-05-19 18:02:04.090 [main] Utils - [Utils] MethodGroupsHelper.sortMethods() took 0 ms.
[INFO ] 2023-05-19 18:02:04.092 [main] Utils - [Utils] MethodGroupsHelper.collectMethodsByGroup() took 0 ms.
[INFO ] 2023-05-19 18:02:04.092 [main] Utils - [Utils] MethodGroupsHelper.sortMethods() took 0 ms.
[INFO ] 2023-05-19 18:02:04.093 [main] Utils - [Utils] MethodGroupsHelper.collectMethodsByGroup() took 0 ms.
[INFO ] 2023-05-19 18:02:04.094 [main] Utils - [Utils] MethodGroupsHelper.sortMethods() took 0 ms.
[INFO ] 2023-05-19 18:02:04.095 [main] Utils - [Utils] MethodGroupsHelper.collectMethodsByGroup() took 0 ms.
[INFO ] 2023-05-19 18:02:04.095 [main] Utils - [Utils] MethodGroupsHelper.sortMethods() took 0 ms.
[INFO ] 2023-05-19 18:02:04.096 [main] Utils - [Utils] MethodGroupsHelper.collectMethodsByGroup() took 0 ms.
[INFO ] 2023-05-19 18:02:04.096 [main] Utils - [Utils] MethodGroupsHelper.sortMethods() took 0 ms.
[INFO ] 2023-05-19 18:02:04.096 [main] Utils - [Utils] MethodGroupsHelper.collectMethodsByGroup() took 0 ms.
[INFO ] 2023-05-19 18:02:04.096 [main] Utils - [Utils] MethodGroupsHelper.sortMethods() took 0 ms.
[INFO ] 2023-05-19 18:02:04.097 [main] Utils - [Utils] MethodGroupsHelper.collectMethodsByGroup() took 0 ms.
[INFO ] 2023-05-19 18:02:04.097 [main] Utils - [Utils] MethodGroupsHelper.sortMethods() took 0 ms.
[INFO ] 2023-05-19 18:02:04.098 [main] Utils - [Utils] MethodGroupsHelper.collectMethodsByGroup() took 0 ms.
[INFO ] 2023-05-19 18:02:04.098 [main] Utils - [Utils] MethodGroupsHelper.sortMethods() took 0 ms.
[INFO ] 2023-05-19 18:02:04.098 [main] Utils - [Utils] MethodGroupsHelper.collectMethodsByGroup() took 0 ms.
[INFO ] 2023-05-19 18:02:04.098 [main] Utils - [Utils] MethodGroupsHelper.sortMethods() took 0 ms.
[INFO ] 2023-05-19 18:02:04.103 [main] Utils - [Utils] MethodGroupsHelper.collectMethodsByGroup() took 0 ms.
[INFO ] 2023-05-19 18:02:04.104 [main] Utils - [Utils] MethodGroupsHelper.sortMethods() took 0 ms.
[INFO ] 2023-05-19 18:02:04.104 [main] Utils - [Utils] MethodGroupsHelper.collectMethodsByGroup() took 0 ms.
[INFO ] 2023-05-19 18:02:04.104 [main] Utils - [Utils] MethodGroupsHelper.sortMethods() took 0 ms.
[INFO ] 2023-05-19 18:02:04.105 [main] Utils - [Utils] MethodGroupsHelper.collectMethodsByGroup() took 0 ms.
[INFO ] 2023-05-19 18:02:04.105 [main] Utils - [Utils] MethodGroupsHelper.sortMethods() took 0 ms.
[INFO ] 2023-05-19 18:02:04.106 [main] Utils - [Utils] MethodGroupsHelper.collectMethodsByGroup() took 0 ms.
[INFO ] 2023-05-19 18:02:04.108 [main] Utils - [Utils] MethodGroupsHelper.sortMethods() took 0 ms.
[INFO ] 2023-05-19 18:02:04.109 [main] Utils - [Utils] MethodGroupsHelper.collectMethodsByGroup() took 0 ms.
[INFO ] 2023-05-19 18:02:04.110 [main] Utils - [Utils] MethodGroupsHelper.sortMethods() took 0 ms.
[INFO ] 2023-05-19 18:02:04.111 [main] Utils - [Utils] MethodGroupsHelper.collectMethodsByGroup() took 0 ms.
[INFO ] 2023-05-19 18:02:04.111 [main] Utils - [Utils] MethodGroupsHelper.sortMethods() took 0 ms.
[INFO ] 2023-05-19 18:02:04.111 [main] Utils - [Utils] MethodGroupsHelper.collectMethodsByGroup() took 0 ms.
[INFO ] 2023-05-19 18:02:04.112 [main] Utils - [Utils] MethodGroupsHelper.sortMethods() took 0 ms.
[INFO ] 2023-05-19 18:02:04.112 [main] Utils - [Utils] MethodGroupsHelper.collectMethodsByGroup() took 0 ms.
[INFO ] 2023-05-19 18:02:04.112 [main] Utils - [Utils] MethodGroupsHelper.sortMethods() took 0 ms.
[INFO ] 2023-05-19 18:02:04.113 [main] Utils - [Utils] MethodGroupsHelper.collectMethodsByGroup() took 0 ms.
[INFO ] 2023-05-19 18:02:04.113 [main] Utils - [Utils] MethodGroupsHelper.sortMethods() took 0 ms.
[INFO ] 2023-05-19 18:02:04.113 [main] Utils - [Utils] MethodGroupsHelper.collectMethodsByGroup() took 0 ms.
[INFO ] 2023-05-19 18:02:04.114 [main] Utils - [Utils] MethodGroupsHelper.sortMethods() took 0 ms.
[INFO ] 2023-05-19 18:02:04.114 [main] Utils - [Utils] MethodGroupsHelper.collectMethodsByGroup() took 0 ms.
[INFO ] 2023-05-19 18:02:04.114 [main] Utils - [Utils] MethodGroupsHelper.sortMethods() took 0 ms.
[INFO ] 2023-05-19 18:02:04.114 [main] Utils - [Utils] MethodGroupsHelper.collectMethodsByGroup() took 0 ms.
[INFO ] 2023-05-19 18:02:04.114 [main] Utils - [Utils] MethodGroupsHelper.sortMethods() took 0 ms.
[INFO ] 2023-05-19 18:02:04.115 [main] Utils - [Utils] MethodGroupsHelper.collectMethodsByGroup() took 0 ms.
[INFO ] 2023-05-19 18:02:04.115 [main] Utils - [Utils] MethodGroupsHelper.sortMethods() took 0 ms.
[INFO ] 2023-05-19 18:02:04.115 [main] Utils - [Utils] MethodGroupsHelper.collectMethodsByGroup() took 0 ms.
[INFO ] 2023-05-19 18:02:04.115 [main] Utils - [Utils] MethodGroupsHelper.sortMethods() took 0 ms.
[INFO ] 2023-05-19 18:02:04.115 [main] Utils - [Utils] MethodGroupsHelper.collectMethodsByGroup() took 0 ms.
[INFO ] 2023-05-19 18:02:04.115 [main] Utils - [Utils] MethodGroupsHelper.sortMethods() took 0 ms.
[INFO ] 2023-05-19 18:02:04.165 [main] Utils - [Utils] DynamicGraphHelper.createDynamicGraph() took 26 ms.
[ERROR] 2023-05-19 18:02:04.208 [main] AppiumCommonUtils - SuperBaseclass: Setup() is Start
[FATAL] 2023-05-19 18:02:04.209 [main] AppiumCommonUtils - fatal message
[WARN ] 2023-05-19 18:02:04.209 [main] AppiumCommonUtils - warn message
[INFO ] 2023-05-19 18:02:04.209 [main] AppiumCommonUtils - Properties file is loaded by setupPropertiesLoad()
[INFO ] 2023-05-19 18:02:04.210 [main] AppiumCommonUtils - startAppiumServer() method is call
[ERROR] 2023-05-19 18:02:04.300 [main] AppiumCommonUtils - ***** Appium server is not started : The invalid IP address $ipaddress is defined
[INFO ] 2023-05-19 18:02:04.300 [main] AppiumCommonUtils - Set APK file name is:- General-Store
[INFO ] 2023-05-19 18:02:04.300 [main] AppiumCommonUtils - getCapabilities() method is call
[ERROR] 2023-05-19 18:02:05.826 [main] AppiumCommonUtils - ***** Capabilities not get, check device adb connection:- null
[ERROR] 2023-05-19 18:02:05.940 [main] AppiumCommonUtils - ***** SuperBaseclass: Setup() is not run..null
[INFO ] 2023-05-19 18:02:05.954 [main] AppiumCommonUtils - BeforeMethod() start
[INFO ] 2023-05-19 18:02:06.130 [main] AppiumCommonUtils - get Package before start activity:com.androidsample.generalstore
[INFO ] 2023-05-19 18:02:06.131 [main] AppiumCommonUtils - get Package before start activity:com.androidsample.generalstore.SplashActivity
[INFO ] 2023-05-19 18:02:06.151 [main] AppiumCommonUtils - Teardown is start
[ERROR] 2023-05-19 18:02:06.151 [main] AppiumCommonUtils - Appium server is not closing:- null
[INFO ] 2023-05-19 18:02:06.641 [main] Utils - [Utils] DynamicGraphHelper.createDynamicGraph() took 0 ms.
[ERROR] 2023-05-19 18:02:06.643 [main] AppiumCommonUtils - SuperBaseclass: Setup() is Start
[FATAL] 2023-05-19 18:02:06.643 [main] AppiumCommonUtils - fatal message
[WARN ] 2023-05-19 18:02:06.644 [main] AppiumCommonUtils - warn message
[INFO ] 2023-05-19 18:02:06.644 [main] AppiumCommonUtils - Properties file is loaded by setupPropertiesLoad()
[INFO ] 2023-05-19 18:02:06.644 [main] AppiumCommonUtils - startAppiumServer() method is call
[ERROR] 2023-05-19 18:02:06.646 [main] AppiumCommonUtils - ***** Appium server is not started : The invalid IP address $ipaddress is defined
[INFO ] 2023-05-19 18:02:06.647 [main] AppiumCommonUtils - Set APK file name is:- General-Store
[INFO ] 2023-05-19 18:02:06.647 [main] AppiumCommonUtils - getCapabilities() method is call
[ERROR] 2023-05-19 18:02:06.686 [main] AppiumCommonUtils - ***** Capabilities not get, check device adb connection:- null
[ERROR] 2023-05-19 18:02:06.688 [main] AppiumCommonUtils - ***** SuperBaseclass: Setup() is not run..null
[INFO ] 2023-05-19 18:02:06.690 [main] AppiumCommonUtils - BeforeMethod() start
[INFO ] 2023-05-19 18:02:06.692 [main] AppiumCommonUtils - get Package before start activity:com.androidsample.generalstore
[INFO ] 2023-05-19 18:02:06.692 [main] AppiumCommonUtils - get Package before start activity:com.androidsample.generalstore.SplashActivity
[INFO ] 2023-05-19 18:02:06.695 [main] AppiumCommonUtils - Teardown is start
[ERROR] 2023-05-19 18:02:06.695 [main] AppiumCommonUtils - Appium server is not closing:- null
[INFO ] 2023-05-19 18:02:06.719 [main] Utils - [Utils] DynamicGraphHelper.createDynamicGraph() took 0 ms.
[ERROR] 2023-05-19 18:02:06.720 [main] AppiumCommonUtils - SuperBaseclass: Setup() is Start
[FATAL] 2023-05-19 18:02:06.720 [main] AppiumCommonUtils - fatal message
[WARN ] 2023-05-19 18:02:06.720 [main] AppiumCommonUtils - warn message
[INFO ] 2023-05-19 18:02:06.721 [main] AppiumCommonUtils - Properties file is loaded by setupPropertiesLoad()
[INFO ] 2023-05-19 18:02:06.721 [main] AppiumCommonUtils - startAppiumServer() method is call
[ERROR] 2023-05-19 18:02:06.724 [main] AppiumCommonUtils - ***** Appium server is not started : The invalid IP address $ipaddress is defined
[INFO ] 2023-05-19 18:02:06.724 [main] AppiumCommonUtils - Set APK file name is:- General-Store
[INFO ] 2023-05-19 18:02:06.724 [main] AppiumCommonUtils - getCapabilities() method is call
[ERROR] 2023-05-19 18:02:06.763 [main] AppiumCommonUtils - ***** Capabilities not get, check device adb connection:- null
[ERROR] 2023-05-19 18:02:06.764 [main] AppiumCommonUtils - ***** SuperBaseclass: Setup() is not run..null
[INFO ] 2023-05-19 18:02:06.771 [main] AppiumCommonUtils - BeforeMethod() start
[INFO ] 2023-05-19 18:02:06.772 [main] AppiumCommonUtils - get Package before start activity:com.androidsample.generalstore
[INFO ] 2023-05-19 18:02:06.772 [main] AppiumCommonUtils - get Package before start activity:com.androidsample.generalstore.SplashActivity
[INFO ] 2023-05-19 18:02:06.775 [main] AppiumCommonUtils - Teardown is start
[ERROR] 2023-05-19 18:02:06.775 [main] AppiumCommonUtils - Appium server is not closing:- null
[INFO ] 2023-05-19 18:02:06.797 [main] Utils - [Utils] DynamicGraphHelper.createDynamicGraph() took 0 ms.
[INFO ] 2023-05-19 18:02:06.838 [main] Utils - [TestNG] Time taken by org.testng.internal.ExitCodeListener@2bc378f7: 0 ms
[INFO ] 2023-05-19 18:02:06.882 [main] Utils - [TestNG] Time taken by org.testng.reporters.SuiteHTMLReporter@34780cd9: 43 ms
[ERROR] 2023-05-19 18:02:06.937 [main] Main - C:\Users\Achal Trivedi\IdeaProjects\AppiumFrameworkDesign\target\surefire-reports\jquery-3.6.0.min.js
java.nio.file.FileAlreadyExistsException: C:\Users\Achal Trivedi\IdeaProjects\AppiumFrameworkDesign\target\surefire-reports\jquery-3.6.0.min.js
	at sun.nio.fs.WindowsException.translateToIOException(WindowsException.java:87) ~[?:?]
	at sun.nio.fs.WindowsException.rethrowAsIOException(WindowsException.java:103) ~[?:?]
	at sun.nio.fs.WindowsException.rethrowAsIOException(WindowsException.java:108) ~[?:?]
	at sun.nio.fs.WindowsFileSystemProvider.newByteChannel(WindowsFileSystemProvider.java:235) ~[?:?]
	at java.nio.file.spi.FileSystemProvider.newOutputStream(FileSystemProvider.java:478) ~[?:?]
	at java.nio.file.Files.newOutputStream(Files.java:220) ~[?:?]
	at java.nio.file.Files.copy(Files.java:3067) ~[?:?]
	at org.testng.reporters.jq.Main.generateReport(Main.java:95) [testng-7.6.1.jar:7.6.1]
	at org.testng.TestNG.generateReports(TestNG.java:1134) [testng-7.6.1.jar:7.6.1]
	at org.testng.TestNG.run(TestNG.java:1072) [testng-7.6.1.jar:7.6.1]
	at org.apache.maven.surefire.testng.TestNGExecutor.run(TestNGExecutor.java:308) [surefire-testng-3.0.0.jar:3.0.0]
	at org.apache.maven.surefire.testng.TestNGXmlTestSuite.execute(TestNGXmlTestSuite.java:71) [surefire-testng-3.0.0.jar:3.0.0]
	at org.apache.maven.surefire.testng.TestNGProvider.invoke(TestNGProvider.java:113) [surefire-testng-3.0.0.jar:3.0.0]
	at org.apache.maven.surefire.booter.ForkedBooter.runSuitesInProcess(ForkedBooter.java:385) [surefire-booter-3.0.0.jar:3.0.0]
	at org.apache.maven.surefire.booter.ForkedBooter.execute(ForkedBooter.java:162) [surefire-booter-3.0.0.jar:3.0.0]
	at org.apache.maven.surefire.booter.ForkedBooter.run(ForkedBooter.java:507) [surefire-booter-3.0.0.jar:3.0.0]
	at org.apache.maven.surefire.booter.ForkedBooter.main(ForkedBooter.java:495) [surefire-booter-3.0.0.jar:3.0.0]
[INFO ] 2023-05-19 18:02:06.951 [main] Utils - [TestNG] Time taken by org.testng.reporters.jq.Main@2373ad99: 69 ms
[INFO ] 2023-05-19 18:02:06.963 [main] Utils - [TestNG] Time taken by org.testng.reporters.FailedReporter@177515d1: 12 ms
[INFO ] 2023-05-19 18:02:06.976 [main] Utils - [TestNG] Time taken by org.testng.reporters.XMLReporter@737d100a: 13 ms
[INFO ] 2023-05-19 18:02:06.991 [main] Utils - [TestNG] Time taken by org.testng.reporters.EmailableReporter2@4601203a: 15 ms
[INFO ] 2023-05-19 18:02:07.009 [main] Utils - [TestNG] Time taken by org.testng.reporters.JUnitReportReporter@57435801: 18 ms
