[INFO ] 2023-06-02 18:01:40.110 [main] Utils - [Utils] MethodGroupsHelper.collectMethodsByGroup() took 0 ms.
[INFO ] 2023-06-02 18:01:40.131 [main] Utils - [Utils] MethodGroupsHelper.sortMethods() took 2 ms.
[INFO ] 2023-06-02 18:01:40.133 [main] Utils - [Utils] MethodGroupsHelper.collectMethodsByGroup() took 0 ms.
[INFO ] 2023-06-02 18:01:40.134 [main] Utils - [Utils] MethodGroupsHelper.sortMethods() took 0 ms.
[INFO ] 2023-06-02 18:01:40.135 [main] Utils - [Utils] MethodGroupsHelper.collectMethodsByGroup() took 0 ms.
[INFO ] 2023-06-02 18:01:40.135 [main] Utils - [Utils] MethodGroupsHelper.sortMethods() took 0 ms.
[INFO ] 2023-06-02 18:01:40.136 [main] Utils - [Utils] MethodGroupsHelper.collectMethodsByGroup() took 0 ms.
[INFO ] 2023-06-02 18:01:40.136 [main] Utils - [Utils] MethodGroupsHelper.sortMethods() took 0 ms.
[INFO ] 2023-06-02 18:01:40.138 [main] Utils - [Utils] MethodGroupsHelper.collectMethodsByGroup() took 0 ms.
[INFO ] 2023-06-02 18:01:40.158 [main] Utils - [Utils] MethodGroupsHelper.sortMethods() took 19 ms.
[INFO ] 2023-06-02 18:01:40.160 [main] Utils - [Utils] MethodGroupsHelper.collectMethodsByGroup() took 0 ms.
[INFO ] 2023-06-02 18:01:40.161 [main] Utils - [Utils] MethodGroupsHelper.sortMethods() took 0 ms.
[INFO ] 2023-06-02 18:01:40.162 [main] Utils - [Utils] MethodGroupsHelper.collectMethodsByGroup() took 0 ms.
[INFO ] 2023-06-02 18:01:40.162 [main] Utils - [Utils] MethodGroupsHelper.sortMethods() took 0 ms.
[INFO ] 2023-06-02 18:01:40.163 [main] Utils - [Utils] MethodGroupsHelper.collectMethodsByGroup() took 0 ms.
[INFO ] 2023-06-02 18:01:40.163 [main] Utils - [Utils] MethodGroupsHelper.sortMethods() took 0 ms.
[INFO ] 2023-06-02 18:01:40.167 [main] Utils - [Utils] MethodGroupsHelper.collectMethodsByGroup() took 0 ms.
[INFO ] 2023-06-02 18:01:40.167 [main] Utils - [Utils] MethodGroupsHelper.sortMethods() took 0 ms.
[INFO ] 2023-06-02 18:01:40.168 [main] Utils - [Utils] MethodGroupsHelper.collectMethodsByGroup() took 0 ms.
[INFO ] 2023-06-02 18:01:40.168 [main] Utils - [Utils] MethodGroupsHelper.sortMethods() took 0 ms.
[INFO ] 2023-06-02 18:01:40.170 [main] Utils - [Utils] MethodGroupsHelper.collectMethodsByGroup() took 0 ms.
[INFO ] 2023-06-02 18:01:40.171 [main] Utils - [Utils] MethodGroupsHelper.sortMethods() took 0 ms.
[INFO ] 2023-06-02 18:01:40.171 [main] Utils - [Utils] MethodGroupsHelper.collectMethodsByGroup() took 0 ms.
[INFO ] 2023-06-02 18:01:40.171 [main] Utils - [Utils] MethodGroupsHelper.sortMethods() took 0 ms.
[INFO ] 2023-06-02 18:01:40.186 [main] Utils - [Utils] MethodGroupsHelper.collectMethodsByGroup() took 13 ms.
[INFO ] 2023-06-02 18:01:40.186 [main] Utils - [Utils] MethodGroupsHelper.sortMethods() took 0 ms.
[INFO ] 2023-06-02 18:01:40.188 [main] Utils - [Utils] MethodGroupsHelper.collectMethodsByGroup() took 0 ms.
[INFO ] 2023-06-02 18:01:40.188 [main] Utils - [Utils] MethodGroupsHelper.sortMethods() took 0 ms.
[INFO ] 2023-06-02 18:01:40.188 [main] Utils - [Utils] MethodGroupsHelper.collectMethodsByGroup() took 0 ms.
[INFO ] 2023-06-02 18:01:40.188 [main] Utils - [Utils] MethodGroupsHelper.sortMethods() took 0 ms.
[INFO ] 2023-06-02 18:01:40.206 [main] Utils - [Utils] MethodGroupsHelper.collectMethodsByGroup() took 0 ms.
[INFO ] 2023-06-02 18:01:40.206 [main] Utils - [Utils] MethodGroupsHelper.sortMethods() took 0 ms.
[INFO ] 2023-06-02 18:01:40.207 [main] Utils - [Utils] MethodGroupsHelper.collectMethodsByGroup() took 0 ms.
[INFO ] 2023-06-02 18:01:40.207 [main] Utils - [Utils] MethodGroupsHelper.sortMethods() took 0 ms.
[INFO ] 2023-06-02 18:01:40.207 [main] Utils - [Utils] MethodGroupsHelper.collectMethodsByGroup() took 0 ms.
[INFO ] 2023-06-02 18:01:40.208 [main] Utils - [Utils] MethodGroupsHelper.sortMethods() took 0 ms.
[INFO ] 2023-06-02 18:01:40.208 [main] Utils - [Utils] MethodGroupsHelper.collectMethodsByGroup() took 0 ms.
[INFO ] 2023-06-02 18:01:40.208 [main] Utils - [Utils] MethodGroupsHelper.sortMethods() took 0 ms.
[INFO ] 2023-06-02 18:01:40.209 [main] Utils - [Utils] MethodGroupsHelper.collectMethodsByGroup() took 0 ms.
[INFO ] 2023-06-02 18:01:40.209 [main] Utils - [Utils] MethodGroupsHelper.sortMethods() took 0 ms.
[INFO ] 2023-06-02 18:01:40.210 [main] Utils - [Utils] MethodGroupsHelper.collectMethodsByGroup() took 0 ms.
[INFO ] 2023-06-02 18:01:40.211 [main] Utils - [Utils] MethodGroupsHelper.sortMethods() took 0 ms.
[INFO ] 2023-06-02 18:01:40.212 [main] Utils - [Utils] MethodGroupsHelper.collectMethodsByGroup() took 0 ms.
[INFO ] 2023-06-02 18:01:40.212 [main] Utils - [Utils] MethodGroupsHelper.sortMethods() took 0 ms.
[INFO ] 2023-06-02 18:01:40.213 [main] Utils - [Utils] MethodGroupsHelper.collectMethodsByGroup() took 0 ms.
[INFO ] 2023-06-02 18:01:40.213 [main] Utils - [Utils] MethodGroupsHelper.sortMethods() took 0 ms.
[INFO ] 2023-06-02 18:01:40.214 [main] Utils - [Utils] MethodGroupsHelper.collectMethodsByGroup() took 0 ms.
[INFO ] 2023-06-02 18:01:40.215 [main] Utils - [Utils] MethodGroupsHelper.sortMethods() took 0 ms.
[INFO ] 2023-06-02 18:01:40.215 [main] Utils - [Utils] MethodGroupsHelper.collectMethodsByGroup() took 0 ms.
[INFO ] 2023-06-02 18:01:40.215 [main] Utils - [Utils] MethodGroupsHelper.sortMethods() took 0 ms.
[INFO ] 2023-06-02 18:01:40.216 [main] Utils - [Utils] MethodGroupsHelper.collectMethodsByGroup() took 0 ms.
[INFO ] 2023-06-02 18:01:40.223 [main] Utils - [Utils] MethodGroupsHelper.sortMethods() took 0 ms.
[INFO ] 2023-06-02 18:01:40.224 [main] Utils - [Utils] MethodGroupsHelper.collectMethodsByGroup() took 0 ms.
[INFO ] 2023-06-02 18:01:40.224 [main] Utils - [Utils] MethodGroupsHelper.sortMethods() took 0 ms.
[INFO ] 2023-06-02 18:01:40.227 [main] Utils - [Utils] MethodGroupsHelper.collectMethodsByGroup() took 0 ms.
[INFO ] 2023-06-02 18:01:40.227 [main] Utils - [Utils] MethodGroupsHelper.sortMethods() took 0 ms.
[INFO ] 2023-06-02 18:01:40.228 [main] Utils - [Utils] MethodGroupsHelper.collectMethodsByGroup() took 0 ms.
[INFO ] 2023-06-02 18:01:40.228 [main] Utils - [Utils] MethodGroupsHelper.sortMethods() took 0 ms.
[INFO ] 2023-06-02 18:01:40.229 [main] Utils - [Utils] MethodGroupsHelper.collectMethodsByGroup() took 0 ms.
[INFO ] 2023-06-02 18:01:40.236 [main] Utils - [Utils] MethodGroupsHelper.sortMethods() took 0 ms.
[INFO ] 2023-06-02 18:01:40.261 [main] Utils - [Utils] MethodGroupsHelper.collectMethodsByGroup() took 0 ms.
[INFO ] 2023-06-02 18:01:40.261 [main] Utils - [Utils] MethodGroupsHelper.sortMethods() took 0 ms.
[INFO ] 2023-06-02 18:01:40.262 [main] Utils - [Utils] MethodGroupsHelper.collectMethodsByGroup() took 0 ms.
[INFO ] 2023-06-02 18:01:40.262 [main] Utils - [Utils] MethodGroupsHelper.sortMethods() took 0 ms.
[INFO ] 2023-06-02 18:01:40.262 [main] Utils - [Utils] MethodGroupsHelper.collectMethodsByGroup() took 0 ms.
[INFO ] 2023-06-02 18:01:40.263 [main] Utils - [Utils] MethodGroupsHelper.sortMethods() took 0 ms.
[INFO ] 2023-06-02 18:01:40.264 [main] Utils - [Utils] MethodGroupsHelper.collectMethodsByGroup() took 0 ms.
[INFO ] 2023-06-02 18:01:40.264 [main] Utils - [Utils] MethodGroupsHelper.sortMethods() took 0 ms.
[INFO ] 2023-06-02 18:01:40.266 [main] Utils - [Utils] MethodGroupsHelper.collectMethodsByGroup() took 0 ms.
[INFO ] 2023-06-02 18:01:40.266 [main] Utils - [Utils] MethodGroupsHelper.sortMethods() took 0 ms.
[INFO ] 2023-06-02 18:01:40.268 [main] Utils - [Utils] MethodGroupsHelper.collectMethodsByGroup() took 0 ms.
[INFO ] 2023-06-02 18:01:40.269 [main] Utils - [Utils] MethodGroupsHelper.sortMethods() took 0 ms.
[INFO ] 2023-06-02 18:01:40.269 [main] Utils - [Utils] MethodGroupsHelper.collectMethodsByGroup() took 0 ms.
[INFO ] 2023-06-02 18:01:40.270 [main] Utils - [Utils] MethodGroupsHelper.sortMethods() took 0 ms.
[INFO ] 2023-06-02 18:01:40.270 [main] Utils - [Utils] MethodGroupsHelper.collectMethodsByGroup() took 0 ms.
[INFO ] 2023-06-02 18:01:40.270 [main] Utils - [Utils] MethodGroupsHelper.sortMethods() took 0 ms.
[INFO ] 2023-06-02 18:01:40.272 [main] Utils - [Utils] MethodGroupsHelper.collectMethodsByGroup() took 0 ms.
[INFO ] 2023-06-02 18:01:40.273 [main] Utils - [Utils] MethodGroupsHelper.sortMethods() took 0 ms.
[INFO ] 2023-06-02 18:01:40.273 [main] Utils - [Utils] MethodGroupsHelper.collectMethodsByGroup() took 0 ms.
[INFO ] 2023-06-02 18:01:40.274 [main] Utils - [Utils] MethodGroupsHelper.sortMethods() took 0 ms.
[INFO ] 2023-06-02 18:01:40.274 [main] Utils - [Utils] MethodGroupsHelper.collectMethodsByGroup() took 0 ms.
[INFO ] 2023-06-02 18:01:40.274 [main] Utils - [Utils] MethodGroupsHelper.sortMethods() took 0 ms.
[INFO ] 2023-06-02 18:01:40.274 [main] Utils - [Utils] MethodGroupsHelper.collectMethodsByGroup() took 0 ms.
[INFO ] 2023-06-02 18:01:40.276 [main] Utils - [Utils] MethodGroupsHelper.sortMethods() took 0 ms.
[INFO ] 2023-06-02 18:01:40.277 [main] Utils - [Utils] MethodGroupsHelper.collectMethodsByGroup() took 0 ms.
[INFO ] 2023-06-02 18:01:40.278 [main] Utils - [Utils] MethodGroupsHelper.sortMethods() took 0 ms.
[INFO ] 2023-06-02 18:01:40.279 [main] Utils - [Utils] MethodGroupsHelper.collectMethodsByGroup() took 0 ms.
[INFO ] 2023-06-02 18:01:40.279 [main] Utils - [Utils] MethodGroupsHelper.sortMethods() took 0 ms.
[INFO ] 2023-06-02 18:01:40.279 [main] Utils - [Utils] MethodGroupsHelper.collectMethodsByGroup() took 0 ms.
[INFO ] 2023-06-02 18:01:40.280 [main] Utils - [Utils] MethodGroupsHelper.sortMethods() took 0 ms.
[INFO ] 2023-06-02 18:01:40.285 [main] Utils - [Utils] MethodGroupsHelper.collectMethodsByGroup() took 0 ms.
[INFO ] 2023-06-02 18:01:40.285 [main] Utils - [Utils] MethodGroupsHelper.sortMethods() took 0 ms.
[INFO ] 2023-06-02 18:01:40.286 [main] Utils - [Utils] MethodGroupsHelper.collectMethodsByGroup() took 0 ms.
[INFO ] 2023-06-02 18:01:40.286 [main] Utils - [Utils] MethodGroupsHelper.sortMethods() took 0 ms.
[INFO ] 2023-06-02 18:01:40.286 [main] Utils - [Utils] MethodGroupsHelper.collectMethodsByGroup() took 0 ms.
[INFO ] 2023-06-02 18:01:40.286 [main] Utils - [Utils] MethodGroupsHelper.sortMethods() took 0 ms.
[INFO ] 2023-06-02 18:01:40.287 [main] Utils - [Utils] MethodGroupsHelper.collectMethodsByGroup() took 0 ms.
[INFO ] 2023-06-02 18:01:40.287 [main] Utils - [Utils] MethodGroupsHelper.sortMethods() took 0 ms.
[INFO ] 2023-06-02 18:01:40.287 [main] Utils - [Utils] MethodGroupsHelper.collectMethodsByGroup() took 0 ms.
[INFO ] 2023-06-02 18:01:40.288 [main] Utils - [Utils] MethodGroupsHelper.sortMethods() took 0 ms.
[INFO ] 2023-06-02 18:01:40.288 [main] Utils - [Utils] MethodGroupsHelper.collectMethodsByGroup() took 0 ms.
[INFO ] 2023-06-02 18:01:40.289 [main] Utils - [Utils] MethodGroupsHelper.sortMethods() took 0 ms.
[INFO ] 2023-06-02 18:01:40.289 [main] Utils - [Utils] MethodGroupsHelper.collectMethodsByGroup() took 0 ms.
[INFO ] 2023-06-02 18:01:40.289 [main] Utils - [Utils] MethodGroupsHelper.sortMethods() took 0 ms.
[INFO ] 2023-06-02 18:01:40.289 [main] Utils - [Utils] MethodGroupsHelper.collectMethodsByGroup() took 0 ms.
[INFO ] 2023-06-02 18:01:40.290 [main] Utils - [Utils] MethodGroupsHelper.sortMethods() took 0 ms.
[INFO ] 2023-06-02 18:01:40.290 [main] Utils - [Utils] MethodGroupsHelper.collectMethodsByGroup() took 0 ms.
[INFO ] 2023-06-02 18:01:40.291 [main] Utils - [Utils] MethodGroupsHelper.sortMethods() took 1 ms.
[INFO ] 2023-06-02 18:01:40.291 [main] Utils - [Utils] MethodGroupsHelper.collectMethodsByGroup() took 0 ms.
[INFO ] 2023-06-02 18:01:40.291 [main] Utils - [Utils] MethodGroupsHelper.sortMethods() took 0 ms.
[INFO ] 2023-06-02 18:01:40.292 [main] Utils - [Utils] MethodGroupsHelper.collectMethodsByGroup() took 0 ms.
[INFO ] 2023-06-02 18:01:40.292 [main] Utils - [Utils] MethodGroupsHelper.sortMethods() took 0 ms.
[INFO ] 2023-06-02 18:01:40.292 [main] Utils - [Utils] MethodGroupsHelper.collectMethodsByGroup() took 0 ms.
[INFO ] 2023-06-02 18:01:40.292 [main] Utils - [Utils] MethodGroupsHelper.sortMethods() took 0 ms.
[INFO ] 2023-06-02 18:01:40.293 [main] Utils - [Utils] MethodGroupsHelper.collectMethodsByGroup() took 0 ms.
[INFO ] 2023-06-02 18:01:40.293 [main] Utils - [Utils] MethodGroupsHelper.sortMethods() took 0 ms.
[INFO ] 2023-06-02 18:01:40.293 [main] Utils - [Utils] MethodGroupsHelper.collectMethodsByGroup() took 0 ms.
[INFO ] 2023-06-02 18:01:40.293 [main] Utils - [Utils] MethodGroupsHelper.sortMethods() took 0 ms.
[INFO ] 2023-06-02 18:01:40.293 [main] Utils - [Utils] MethodGroupsHelper.collectMethodsByGroup() took 0 ms.
[INFO ] 2023-06-02 18:01:40.293 [main] Utils - [Utils] MethodGroupsHelper.sortMethods() took 0 ms.
[INFO ] 2023-06-02 18:01:40.329 [main] Utils - [Utils] DynamicGraphHelper.createDynamicGraph() took 11 ms.
[INFO ] 2023-06-02 18:01:40.356 [main] AppiumCommonUtils - SuperBaseclass: Setup() is Start
[INFO ] 2023-06-02 18:01:40.357 [main] AppiumCommonUtils - Properties file is loaded by setupPropertiesLoad()
[INFO ] 2023-06-02 18:01:40.357 [main] AppiumCommonUtils - startAppiumServer() method is call
[ERROR] 2023-06-02 18:01:40.421 [main] AppiumCommonUtils - ***** Appium server is not started : The invalid IP address $ipaddress is defined
[INFO ] 2023-06-02 18:01:40.421 [main] AppiumCommonUtils - Set APK file name is:- General-Store
[INFO ] 2023-06-02 18:01:40.421 [main] AppiumCommonUtils - getCapabilities() method is call
[INFO ] 2023-06-02 18:01:41.351 [main] AppiumCommonUtils - Platform Name - Android
[INFO ] 2023-06-02 18:01:41.351 [main] AppiumCommonUtils - Device UDID   - WCKR5P69GYZT5PPB
[INFO ] 2023-06-02 18:01:41.351 [main] AppiumCommonUtils - Product Verison - 9
[INFO ] 2023-06-02 18:01:41.351 [main] AppiumCommonUtils - Model Number   - RMX1941
[INFO ] 2023-06-02 18:01:41.352 [main] AppiumCommonUtils - Buld Verison   - 28
[INFO ] 2023-06-02 18:01:41.353 [main] AppiumCommonUtils - Capabilities are successfully taken
[ERROR] 2023-06-02 18:01:41.420 [main] AppiumCommonUtils - ***** SuperBaseclass: Setup() is not run..null
[INFO ] 2023-06-02 18:01:41.436 [main] AppiumCommonUtils - BeforeMethod() start
[INFO ] 2023-06-02 18:01:41.567 [main] AppiumCommonUtils - get Package before start activity:com.androidsample.generalstore
[INFO ] 2023-06-02 18:01:41.567 [main] AppiumCommonUtils - get Package before start activity:com.androidsample.generalstore.SplashActivity
[INFO ] 2023-06-02 18:01:41.586 [main] AppiumCommonUtils - Teardown() is start
[ERROR] 2023-06-02 18:01:41.587 [main] AppiumCommonUtils - Appium server is not closing:- null
[INFO ] 2023-06-02 18:01:41.992 [main] Utils - [Utils] DynamicGraphHelper.createDynamicGraph() took 0 ms.
[INFO ] 2023-06-02 18:01:41.993 [main] AppiumCommonUtils - SuperBaseclass: Setup() is Start
[INFO ] 2023-06-02 18:01:41.994 [main] AppiumCommonUtils - Properties file is loaded by setupPropertiesLoad()
[INFO ] 2023-06-02 18:01:41.994 [main] AppiumCommonUtils - startAppiumServer() method is call
[ERROR] 2023-06-02 18:01:41.997 [main] AppiumCommonUtils - ***** Appium server is not started : The invalid IP address $ipaddress is defined
[INFO ] 2023-06-02 18:01:41.997 [main] AppiumCommonUtils - Set APK file name is:- General-Store
[INFO ] 2023-06-02 18:01:41.998 [main] AppiumCommonUtils - getCapabilities() method is call
[INFO ] 2023-06-02 18:01:42.725 [main] AppiumCommonUtils - Platform Name - Android
[INFO ] 2023-06-02 18:01:42.725 [main] AppiumCommonUtils - Device UDID   - WCKR5P69GYZT5PPB
[INFO ] 2023-06-02 18:01:42.725 [main] AppiumCommonUtils - Product Verison - 9
[INFO ] 2023-06-02 18:01:42.726 [main] AppiumCommonUtils - Model Number   - RMX1941
[INFO ] 2023-06-02 18:01:42.726 [main] AppiumCommonUtils - Buld Verison   - 28
[INFO ] 2023-06-02 18:01:42.726 [main] AppiumCommonUtils - Capabilities are successfully taken
[ERROR] 2023-06-02 18:01:42.727 [main] AppiumCommonUtils - ***** SuperBaseclass: Setup() is not run..null
[INFO ] 2023-06-02 18:01:42.729 [main] AppiumCommonUtils - BeforeMethod() start
[INFO ] 2023-06-02 18:01:42.730 [main] AppiumCommonUtils - get Package before start activity:com.androidsample.generalstore
[INFO ] 2023-06-02 18:01:42.731 [main] AppiumCommonUtils - get Package before start activity:com.androidsample.generalstore.SplashActivity
[INFO ] 2023-06-02 18:01:42.735 [main] AppiumCommonUtils - Teardown() is start
[ERROR] 2023-06-02 18:01:42.735 [main] AppiumCommonUtils - Appium server is not closing:- null
[INFO ] 2023-06-02 18:01:42.756 [main] Utils - [Utils] DynamicGraphHelper.createDynamicGraph() took 0 ms.
[INFO ] 2023-06-02 18:01:42.756 [main] AppiumCommonUtils - SuperBaseclass: Setup() is Start
[INFO ] 2023-06-02 18:01:42.757 [main] AppiumCommonUtils - Properties file is loaded by setupPropertiesLoad()
[INFO ] 2023-06-02 18:01:42.757 [main] AppiumCommonUtils - startAppiumServer() method is call
[ERROR] 2023-06-02 18:01:42.759 [main] AppiumCommonUtils - ***** Appium server is not started : The invalid IP address $ipaddress is defined
[INFO ] 2023-06-02 18:01:42.759 [main] AppiumCommonUtils - Set APK file name is:- General-Store
[INFO ] 2023-06-02 18:01:42.759 [main] AppiumCommonUtils - getCapabilities() method is call
[INFO ] 2023-06-02 18:01:43.475 [main] AppiumCommonUtils - Platform Name - Android
[INFO ] 2023-06-02 18:01:43.476 [main] AppiumCommonUtils - Device UDID   - WCKR5P69GYZT5PPB
[INFO ] 2023-06-02 18:01:43.476 [main] AppiumCommonUtils - Product Verison - 9
[INFO ] 2023-06-02 18:01:43.476 [main] AppiumCommonUtils - Model Number   - RMX1941
[INFO ] 2023-06-02 18:01:43.476 [main] AppiumCommonUtils - Buld Verison   - 28
[INFO ] 2023-06-02 18:01:43.476 [main] AppiumCommonUtils - Capabilities are successfully taken
[ERROR] 2023-06-02 18:01:43.477 [main] AppiumCommonUtils - ***** SuperBaseclass: Setup() is not run..null
[INFO ] 2023-06-02 18:01:43.482 [main] AppiumCommonUtils - BeforeMethod() start
[INFO ] 2023-06-02 18:01:43.483 [main] AppiumCommonUtils - get Package before start activity:com.androidsample.generalstore
[INFO ] 2023-06-02 18:01:43.483 [main] AppiumCommonUtils - get Package before start activity:com.androidsample.generalstore.SplashActivity
[INFO ] 2023-06-02 18:01:43.485 [main] AppiumCommonUtils - Teardown() is start
[ERROR] 2023-06-02 18:01:43.485 [main] AppiumCommonUtils - Appium server is not closing:- null
[INFO ] 2023-06-02 18:01:43.505 [main] Utils - [Utils] DynamicGraphHelper.createDynamicGraph() took 0 ms.
[INFO ] 2023-06-02 18:01:43.523 [main] Utils - [TestNG] Time taken by org.testng.internal.ExitCodeListener@b887730: 0 ms
[INFO ] 2023-06-02 18:01:43.592 [main] Utils - [TestNG] Time taken by org.testng.reporters.SuiteHTMLReporter@7afc4db9: 68 ms
[ERROR] 2023-06-02 18:01:43.687 [main] Main - C:\Users\Achal Trivedi\IdeaProjects\AppiumFrameworkDesign\target\surefire-reports\jquery-3.6.0.min.js
java.nio.file.FileAlreadyExistsException: C:\Users\Achal Trivedi\IdeaProjects\AppiumFrameworkDesign\target\surefire-reports\jquery-3.6.0.min.js
	at sun.nio.fs.WindowsException.translateToIOException(WindowsException.java:87) ~[?:?]
	at sun.nio.fs.WindowsException.rethrowAsIOException(WindowsException.java:103) ~[?:?]
	at sun.nio.fs.WindowsException.rethrowAsIOException(WindowsException.java:108) ~[?:?]
	at sun.nio.fs.WindowsFileSystemProvider.newByteChannel(WindowsFileSystemProvider.java:235) ~[?:?]
	at java.nio.file.spi.FileSystemProvider.newOutputStream(FileSystemProvider.java:478) ~[?:?]
	at java.nio.file.Files.newOutputStream(Files.java:220) ~[?:?]
	at java.nio.file.Files.copy(Files.java:3067) ~[?:?]
	at org.testng.reporters.jq.Main.generateReport(Main.java:95) [testng-7.6.1.jar:7.6.1]
	at org.testng.TestNG.generateReports(TestNG.java:1134) [testng-7.6.1.jar:7.6.1]
	at org.testng.TestNG.run(TestNG.java:1072) [testng-7.6.1.jar:7.6.1]
	at org.apache.maven.surefire.testng.TestNGExecutor.run(TestNGExecutor.java:308) [surefire-testng-3.0.0.jar:3.0.0]
	at org.apache.maven.surefire.testng.TestNGXmlTestSuite.execute(TestNGXmlTestSuite.java:71) [surefire-testng-3.0.0.jar:3.0.0]
	at org.apache.maven.surefire.testng.TestNGProvider.invoke(TestNGProvider.java:113) [surefire-testng-3.0.0.jar:3.0.0]
	at org.apache.maven.surefire.booter.ForkedBooter.runSuitesInProcess(ForkedBooter.java:385) [surefire-booter-3.0.0.jar:3.0.0]
	at org.apache.maven.surefire.booter.ForkedBooter.execute(ForkedBooter.java:162) [surefire-booter-3.0.0.jar:3.0.0]
	at org.apache.maven.surefire.booter.ForkedBooter.run(ForkedBooter.java:507) [surefire-booter-3.0.0.jar:3.0.0]
	at org.apache.maven.surefire.booter.ForkedBooter.main(ForkedBooter.java:495) [surefire-booter-3.0.0.jar:3.0.0]
[INFO ] 2023-06-02 18:01:43.706 [main] Utils - [TestNG] Time taken by org.testng.reporters.jq.Main@37c36608: 114 ms
[INFO ] 2023-06-02 18:01:43.721 [main] Utils - [TestNG] Time taken by org.testng.reporters.FailedReporter@4cbc2e3b: 15 ms
[INFO ] 2023-06-02 18:01:43.736 [main] Utils - [TestNG] Time taken by org.testng.reporters.XMLReporter@480ad82c: 15 ms
[INFO ] 2023-06-02 18:01:43.758 [main] Utils - [TestNG] Time taken by org.testng.reporters.EmailableReporter2@5d8ab698: 22 ms
[INFO ] 2023-06-02 18:01:43.784 [main] Utils - [TestNG] Time taken by org.testng.reporters.JUnitReportReporter@80bfa9d: 26 ms
