[INFO ] 2023-06-01 18:01:40.991 [main] Utils - [Utils] MethodGroupsHelper.collectMethodsByGroup() took 3 ms.
[INFO ] 2023-06-01 18:01:41.015 [main] Utils - [Utils] MethodGroupsHelper.sortMethods() took 3 ms.
[INFO ] 2023-06-01 18:01:41.018 [main] Utils - [Utils] MethodGroupsHelper.collectMethodsByGroup() took 0 ms.
[INFO ] 2023-06-01 18:01:41.019 [main] Utils - [Utils] MethodGroupsHelper.sortMethods() took 0 ms.
[INFO ] 2023-06-01 18:01:41.020 [main] Utils - [Utils] MethodGroupsHelper.collectMethodsByGroup() took 0 ms.
[INFO ] 2023-06-01 18:01:41.020 [main] Utils - [Utils] MethodGroupsHelper.sortMethods() took 0 ms.
[INFO ] 2023-06-01 18:01:41.023 [main] Utils - [Utils] MethodGroupsHelper.collectMethodsByGroup() took 0 ms.
[INFO ] 2023-06-01 18:01:41.023 [main] Utils - [Utils] MethodGroupsHelper.sortMethods() took 0 ms.
[INFO ] 2023-06-01 18:01:41.025 [main] Utils - [Utils] MethodGroupsHelper.collectMethodsByGroup() took 0 ms.
[INFO ] 2023-06-01 18:01:41.047 [main] Utils - [Utils] MethodGroupsHelper.sortMethods() took 21 ms.
[INFO ] 2023-06-01 18:01:41.050 [main] Utils - [Utils] MethodGroupsHelper.collectMethodsByGroup() took 0 ms.
[INFO ] 2023-06-01 18:01:41.051 [main] Utils - [Utils] MethodGroupsHelper.sortMethods() took 0 ms.
[INFO ] 2023-06-01 18:01:41.052 [main] Utils - [Utils] MethodGroupsHelper.collectMethodsByGroup() took 0 ms.
[INFO ] 2023-06-01 18:01:41.052 [main] Utils - [Utils] MethodGroupsHelper.sortMethods() took 0 ms.
[INFO ] 2023-06-01 18:01:41.053 [main] Utils - [Utils] MethodGroupsHelper.collectMethodsByGroup() took 0 ms.
[INFO ] 2023-06-01 18:01:41.053 [main] Utils - [Utils] MethodGroupsHelper.sortMethods() took 0 ms.
[INFO ] 2023-06-01 18:01:41.058 [main] Utils - [Utils] MethodGroupsHelper.collectMethodsByGroup() took 0 ms.
[INFO ] 2023-06-01 18:01:41.059 [main] Utils - [Utils] MethodGroupsHelper.sortMethods() took 0 ms.
[INFO ] 2023-06-01 18:01:41.062 [main] Utils - [Utils] MethodGroupsHelper.collectMethodsByGroup() took 0 ms.
[INFO ] 2023-06-01 18:01:41.062 [main] Utils - [Utils] MethodGroupsHelper.sortMethods() took 0 ms.
[INFO ] 2023-06-01 18:01:41.065 [main] Utils - [Utils] MethodGroupsHelper.collectMethodsByGroup() took 0 ms.
[INFO ] 2023-06-01 18:01:41.066 [main] Utils - [Utils] MethodGroupsHelper.sortMethods() took 0 ms.
[INFO ] 2023-06-01 18:01:41.067 [main] Utils - [Utils] MethodGroupsHelper.collectMethodsByGroup() took 0 ms.
[INFO ] 2023-06-01 18:01:41.068 [main] Utils - [Utils] MethodGroupsHelper.sortMethods() took 0 ms.
[INFO ] 2023-06-01 18:01:41.087 [main] Utils - [Utils] MethodGroupsHelper.collectMethodsByGroup() took 17 ms.
[INFO ] 2023-06-01 18:01:41.088 [main] Utils - [Utils] MethodGroupsHelper.sortMethods() took 0 ms.
[INFO ] 2023-06-01 18:01:41.089 [main] Utils - [Utils] MethodGroupsHelper.collectMethodsByGroup() took 0 ms.
[INFO ] 2023-06-01 18:01:41.090 [main] Utils - [Utils] MethodGroupsHelper.sortMethods() took 0 ms.
[INFO ] 2023-06-01 18:01:41.090 [main] Utils - [Utils] MethodGroupsHelper.collectMethodsByGroup() took 0 ms.
[INFO ] 2023-06-01 18:01:41.090 [main] Utils - [Utils] MethodGroupsHelper.sortMethods() took 0 ms.
[INFO ] 2023-06-01 18:01:41.116 [main] Utils - [Utils] MethodGroupsHelper.collectMethodsByGroup() took 0 ms.
[INFO ] 2023-06-01 18:01:41.117 [main] Utils - [Utils] MethodGroupsHelper.sortMethods() took 0 ms.
[INFO ] 2023-06-01 18:01:41.118 [main] Utils - [Utils] MethodGroupsHelper.collectMethodsByGroup() took 0 ms.
[INFO ] 2023-06-01 18:01:41.118 [main] Utils - [Utils] MethodGroupsHelper.sortMethods() took 0 ms.
[INFO ] 2023-06-01 18:01:41.119 [main] Utils - [Utils] MethodGroupsHelper.collectMethodsByGroup() took 0 ms.
[INFO ] 2023-06-01 18:01:41.119 [main] Utils - [Utils] MethodGroupsHelper.sortMethods() took 0 ms.
[INFO ] 2023-06-01 18:01:41.120 [main] Utils - [Utils] MethodGroupsHelper.collectMethodsByGroup() took 0 ms.
[INFO ] 2023-06-01 18:01:41.120 [main] Utils - [Utils] MethodGroupsHelper.sortMethods() took 0 ms.
[INFO ] 2023-06-01 18:01:41.120 [main] Utils - [Utils] MethodGroupsHelper.collectMethodsByGroup() took 0 ms.
[INFO ] 2023-06-01 18:01:41.122 [main] Utils - [Utils] MethodGroupsHelper.sortMethods() took 0 ms.
[INFO ] 2023-06-01 18:01:41.123 [main] Utils - [Utils] MethodGroupsHelper.collectMethodsByGroup() took 0 ms.
[INFO ] 2023-06-01 18:01:41.123 [main] Utils - [Utils] MethodGroupsHelper.sortMethods() took 0 ms.
[INFO ] 2023-06-01 18:01:41.124 [main] Utils - [Utils] MethodGroupsHelper.collectMethodsByGroup() took 0 ms.
[INFO ] 2023-06-01 18:01:41.124 [main] Utils - [Utils] MethodGroupsHelper.sortMethods() took 0 ms.
[INFO ] 2023-06-01 18:01:41.125 [main] Utils - [Utils] MethodGroupsHelper.collectMethodsByGroup() took 0 ms.
[INFO ] 2023-06-01 18:01:41.125 [main] Utils - [Utils] MethodGroupsHelper.sortMethods() took 0 ms.
[INFO ] 2023-06-01 18:01:41.126 [main] Utils - [Utils] MethodGroupsHelper.collectMethodsByGroup() took 0 ms.
[INFO ] 2023-06-01 18:01:41.127 [main] Utils - [Utils] MethodGroupsHelper.sortMethods() took 0 ms.
[INFO ] 2023-06-01 18:01:41.128 [main] Utils - [Utils] MethodGroupsHelper.collectMethodsByGroup() took 0 ms.
[INFO ] 2023-06-01 18:01:41.128 [main] Utils - [Utils] MethodGroupsHelper.sortMethods() took 0 ms.
[INFO ] 2023-06-01 18:01:41.128 [main] Utils - [Utils] MethodGroupsHelper.collectMethodsByGroup() took 0 ms.
[INFO ] 2023-06-01 18:01:41.128 [main] Utils - [Utils] MethodGroupsHelper.sortMethods() took 0 ms.
[INFO ] 2023-06-01 18:01:41.129 [main] Utils - [Utils] MethodGroupsHelper.collectMethodsByGroup() took 0 ms.
[INFO ] 2023-06-01 18:01:41.130 [main] Utils - [Utils] MethodGroupsHelper.sortMethods() took 0 ms.
[INFO ] 2023-06-01 18:01:41.140 [main] Utils - [Utils] MethodGroupsHelper.collectMethodsByGroup() took 6 ms.
[INFO ] 2023-06-01 18:01:41.141 [main] Utils - [Utils] MethodGroupsHelper.sortMethods() took 0 ms.
[INFO ] 2023-06-01 18:01:41.141 [main] Utils - [Utils] MethodGroupsHelper.collectMethodsByGroup() took 0 ms.
[INFO ] 2023-06-01 18:01:41.141 [main] Utils - [Utils] MethodGroupsHelper.sortMethods() took 0 ms.
[INFO ] 2023-06-01 18:01:41.141 [main] Utils - [Utils] MethodGroupsHelper.collectMethodsByGroup() took 0 ms.
[INFO ] 2023-06-01 18:01:41.142 [main] Utils - [Utils] MethodGroupsHelper.sortMethods() took 0 ms.
[INFO ] 2023-06-01 18:01:41.158 [main] Utils - [Utils] MethodGroupsHelper.collectMethodsByGroup() took 0 ms.
[INFO ] 2023-06-01 18:01:41.158 [main] Utils - [Utils] MethodGroupsHelper.sortMethods() took 0 ms.
[INFO ] 2023-06-01 18:01:41.158 [main] Utils - [Utils] MethodGroupsHelper.collectMethodsByGroup() took 0 ms.
[INFO ] 2023-06-01 18:01:41.158 [main] Utils - [Utils] MethodGroupsHelper.sortMethods() took 0 ms.
[INFO ] 2023-06-01 18:01:41.159 [main] Utils - [Utils] MethodGroupsHelper.collectMethodsByGroup() took 0 ms.
[INFO ] 2023-06-01 18:01:41.159 [main] Utils - [Utils] MethodGroupsHelper.sortMethods() took 0 ms.
[INFO ] 2023-06-01 18:01:41.161 [main] Utils - [Utils] MethodGroupsHelper.collectMethodsByGroup() took 0 ms.
[INFO ] 2023-06-01 18:01:41.162 [main] Utils - [Utils] MethodGroupsHelper.sortMethods() took 0 ms.
[INFO ] 2023-06-01 18:01:41.162 [main] Utils - [Utils] MethodGroupsHelper.collectMethodsByGroup() took 0 ms.
[INFO ] 2023-06-01 18:01:41.163 [main] Utils - [Utils] MethodGroupsHelper.sortMethods() took 0 ms.
[INFO ] 2023-06-01 18:01:41.164 [main] Utils - [Utils] MethodGroupsHelper.collectMethodsByGroup() took 0 ms.
[INFO ] 2023-06-01 18:01:41.164 [main] Utils - [Utils] MethodGroupsHelper.sortMethods() took 0 ms.
[INFO ] 2023-06-01 18:01:41.165 [main] Utils - [Utils] MethodGroupsHelper.collectMethodsByGroup() took 0 ms.
[INFO ] 2023-06-01 18:01:41.165 [main] Utils - [Utils] MethodGroupsHelper.sortMethods() took 0 ms.
[INFO ] 2023-06-01 18:01:41.165 [main] Utils - [Utils] MethodGroupsHelper.collectMethodsByGroup() took 0 ms.
[INFO ] 2023-06-01 18:01:41.165 [main] Utils - [Utils] MethodGroupsHelper.sortMethods() took 0 ms.
[INFO ] 2023-06-01 18:01:41.166 [main] Utils - [Utils] MethodGroupsHelper.collectMethodsByGroup() took 0 ms.
[INFO ] 2023-06-01 18:01:41.166 [main] Utils - [Utils] MethodGroupsHelper.sortMethods() took 0 ms.
[INFO ] 2023-06-01 18:01:41.167 [main] Utils - [Utils] MethodGroupsHelper.collectMethodsByGroup() took 0 ms.
[INFO ] 2023-06-01 18:01:41.167 [main] Utils - [Utils] MethodGroupsHelper.sortMethods() took 0 ms.
[INFO ] 2023-06-01 18:01:41.168 [main] Utils - [Utils] MethodGroupsHelper.collectMethodsByGroup() took 0 ms.
[INFO ] 2023-06-01 18:01:41.168 [main] Utils - [Utils] MethodGroupsHelper.sortMethods() took 0 ms.
[INFO ] 2023-06-01 18:01:41.168 [main] Utils - [Utils] MethodGroupsHelper.collectMethodsByGroup() took 0 ms.
[INFO ] 2023-06-01 18:01:41.168 [main] Utils - [Utils] MethodGroupsHelper.sortMethods() took 0 ms.
[INFO ] 2023-06-01 18:01:41.168 [main] Utils - [Utils] MethodGroupsHelper.collectMethodsByGroup() took 0 ms.
[INFO ] 2023-06-01 18:01:41.169 [main] Utils - [Utils] MethodGroupsHelper.sortMethods() took 1 ms.
[INFO ] 2023-06-01 18:01:41.169 [main] Utils - [Utils] MethodGroupsHelper.collectMethodsByGroup() took 0 ms.
[INFO ] 2023-06-01 18:01:41.169 [main] Utils - [Utils] MethodGroupsHelper.sortMethods() took 0 ms.
[INFO ] 2023-06-01 18:01:41.169 [main] Utils - [Utils] MethodGroupsHelper.collectMethodsByGroup() took 0 ms.
[INFO ] 2023-06-01 18:01:41.169 [main] Utils - [Utils] MethodGroupsHelper.sortMethods() took 0 ms.
[INFO ] 2023-06-01 18:01:41.174 [main] Utils - [Utils] MethodGroupsHelper.collectMethodsByGroup() took 0 ms.
[INFO ] 2023-06-01 18:01:41.174 [main] Utils - [Utils] MethodGroupsHelper.sortMethods() took 0 ms.
[INFO ] 2023-06-01 18:01:41.175 [main] Utils - [Utils] MethodGroupsHelper.collectMethodsByGroup() took 0 ms.
[INFO ] 2023-06-01 18:01:41.175 [main] Utils - [Utils] MethodGroupsHelper.sortMethods() took 0 ms.
[INFO ] 2023-06-01 18:01:41.175 [main] Utils - [Utils] MethodGroupsHelper.collectMethodsByGroup() took 0 ms.
[INFO ] 2023-06-01 18:01:41.175 [main] Utils - [Utils] MethodGroupsHelper.sortMethods() took 0 ms.
[INFO ] 2023-06-01 18:01:41.176 [main] Utils - [Utils] MethodGroupsHelper.collectMethodsByGroup() took 0 ms.
[INFO ] 2023-06-01 18:01:41.176 [main] Utils - [Utils] MethodGroupsHelper.sortMethods() took 0 ms.
[INFO ] 2023-06-01 18:01:41.178 [main] Utils - [Utils] MethodGroupsHelper.collectMethodsByGroup() took 0 ms.
[INFO ] 2023-06-01 18:01:41.179 [main] Utils - [Utils] MethodGroupsHelper.sortMethods() took 1 ms.
[INFO ] 2023-06-01 18:01:41.181 [main] Utils - [Utils] MethodGroupsHelper.collectMethodsByGroup() took 0 ms.
[INFO ] 2023-06-01 18:01:41.181 [main] Utils - [Utils] MethodGroupsHelper.sortMethods() took 0 ms.
[INFO ] 2023-06-01 18:01:41.182 [main] Utils - [Utils] MethodGroupsHelper.collectMethodsByGroup() took 0 ms.
[INFO ] 2023-06-01 18:01:41.182 [main] Utils - [Utils] MethodGroupsHelper.sortMethods() took 0 ms.
[INFO ] 2023-06-01 18:01:41.182 [main] Utils - [Utils] MethodGroupsHelper.collectMethodsByGroup() took 0 ms.
[INFO ] 2023-06-01 18:01:41.183 [main] Utils - [Utils] MethodGroupsHelper.sortMethods() took 0 ms.
[INFO ] 2023-06-01 18:01:41.183 [main] Utils - [Utils] MethodGroupsHelper.collectMethodsByGroup() took 0 ms.
[INFO ] 2023-06-01 18:01:41.183 [main] Utils - [Utils] MethodGroupsHelper.sortMethods() took 0 ms.
[INFO ] 2023-06-01 18:01:41.184 [main] Utils - [Utils] MethodGroupsHelper.collectMethodsByGroup() took 0 ms.
[INFO ] 2023-06-01 18:01:41.184 [main] Utils - [Utils] MethodGroupsHelper.sortMethods() took 0 ms.
[INFO ] 2023-06-01 18:01:41.184 [main] Utils - [Utils] MethodGroupsHelper.collectMethodsByGroup() took 0 ms.
[INFO ] 2023-06-01 18:01:41.184 [main] Utils - [Utils] MethodGroupsHelper.sortMethods() took 0 ms.
[INFO ] 2023-06-01 18:01:41.184 [main] Utils - [Utils] MethodGroupsHelper.collectMethodsByGroup() took 0 ms.
[INFO ] 2023-06-01 18:01:41.185 [main] Utils - [Utils] MethodGroupsHelper.sortMethods() took 0 ms.
[INFO ] 2023-06-01 18:01:41.185 [main] Utils - [Utils] MethodGroupsHelper.collectMethodsByGroup() took 0 ms.
[INFO ] 2023-06-01 18:01:41.186 [main] Utils - [Utils] MethodGroupsHelper.sortMethods() took 0 ms.
[INFO ] 2023-06-01 18:01:41.186 [main] Utils - [Utils] MethodGroupsHelper.collectMethodsByGroup() took 0 ms.
[INFO ] 2023-06-01 18:01:41.186 [main] Utils - [Utils] MethodGroupsHelper.sortMethods() took 0 ms.
[INFO ] 2023-06-01 18:01:41.186 [main] Utils - [Utils] MethodGroupsHelper.collectMethodsByGroup() took 0 ms.
[INFO ] 2023-06-01 18:01:41.186 [main] Utils - [Utils] MethodGroupsHelper.sortMethods() took 0 ms.
[INFO ] 2023-06-01 18:01:41.214 [main] Utils - [Utils] DynamicGraphHelper.createDynamicGraph() took 7 ms.
[INFO ] 2023-06-01 18:01:41.283 [main] AppiumCommonUtils - SuperBaseclass: Setup() is Start
[INFO ] 2023-06-01 18:01:41.284 [main] AppiumCommonUtils - Properties file is loaded by setupPropertiesLoad()
[INFO ] 2023-06-01 18:01:41.285 [main] AppiumCommonUtils - startAppiumServer() method is call
[ERROR] 2023-06-01 18:01:41.345 [main] AppiumCommonUtils - ***** Appium server is not started : The invalid IP address $ipaddress is defined
[INFO ] 2023-06-01 18:01:41.345 [main] AppiumCommonUtils - Set APK file name is:- General-Store
[INFO ] 2023-06-01 18:01:41.346 [main] AppiumCommonUtils - getCapabilities() method is call
[INFO ] 2023-06-01 18:01:42.621 [main] AppiumCommonUtils - Platform Name - Android
[INFO ] 2023-06-01 18:01:42.621 [main] AppiumCommonUtils - Device UDID   - JZBUSWZ9ROOBQ8ZD
[INFO ] 2023-06-01 18:01:42.621 [main] AppiumCommonUtils - Product Verison - 8.1.0
[INFO ] 2023-06-01 18:01:42.622 [main] AppiumCommonUtils - Model Number   - vivo 1820
[INFO ] 2023-06-01 18:01:42.622 [main] AppiumCommonUtils - Buld Verison   - 27
[INFO ] 2023-06-01 18:01:42.623 [main] AppiumCommonUtils - Capabilities are successfully taken
[ERROR] 2023-06-01 18:01:42.703 [main] AppiumCommonUtils - ***** SuperBaseclass: Setup() is not run..null
[INFO ] 2023-06-01 18:01:42.724 [main] AppiumCommonUtils - BeforeMethod() start
[INFO ] 2023-06-01 18:01:42.930 [main] AppiumCommonUtils - get Package before start activity:com.androidsample.generalstore
[INFO ] 2023-06-01 18:01:42.931 [main] AppiumCommonUtils - get Package before start activity:com.androidsample.generalstore.SplashActivity
[INFO ] 2023-06-01 18:01:42.966 [main] AppiumCommonUtils - Teardown() is start
[ERROR] 2023-06-01 18:01:42.967 [main] AppiumCommonUtils - Appium server is not closing:- null
[INFO ] 2023-06-01 18:01:43.583 [main] Utils - [Utils] DynamicGraphHelper.createDynamicGraph() took 0 ms.
[INFO ] 2023-06-01 18:01:43.584 [main] AppiumCommonUtils - SuperBaseclass: Setup() is Start
[INFO ] 2023-06-01 18:01:43.585 [main] AppiumCommonUtils - Properties file is loaded by setupPropertiesLoad()
[INFO ] 2023-06-01 18:01:43.585 [main] AppiumCommonUtils - startAppiumServer() method is call
[ERROR] 2023-06-01 18:01:43.588 [main] AppiumCommonUtils - ***** Appium server is not started : The invalid IP address $ipaddress is defined
[INFO ] 2023-06-01 18:01:43.588 [main] AppiumCommonUtils - Set APK file name is:- General-Store
[INFO ] 2023-06-01 18:01:43.588 [main] AppiumCommonUtils - getCapabilities() method is call
[INFO ] 2023-06-01 18:01:44.040 [main] AppiumCommonUtils - Platform Name - Android
[INFO ] 2023-06-01 18:01:44.041 [main] AppiumCommonUtils - Device UDID   - JZBUSWZ9ROOBQ8ZD
[INFO ] 2023-06-01 18:01:44.041 [main] AppiumCommonUtils - Product Verison - 8.1.0
[INFO ] 2023-06-01 18:01:44.041 [main] AppiumCommonUtils - Model Number   - vivo 1820
[INFO ] 2023-06-01 18:01:44.041 [main] AppiumCommonUtils - Buld Verison   - 27
[INFO ] 2023-06-01 18:01:44.041 [main] AppiumCommonUtils - Capabilities are successfully taken
[ERROR] 2023-06-01 18:01:44.042 [main] AppiumCommonUtils - ***** SuperBaseclass: Setup() is not run..null
[INFO ] 2023-06-01 18:01:44.045 [main] AppiumCommonUtils - BeforeMethod() start
[INFO ] 2023-06-01 18:01:44.046 [main] AppiumCommonUtils - get Package before start activity:com.androidsample.generalstore
[INFO ] 2023-06-01 18:01:44.046 [main] AppiumCommonUtils - get Package before start activity:com.androidsample.generalstore.SplashActivity
[INFO ] 2023-06-01 18:01:44.049 [main] AppiumCommonUtils - Teardown() is start
[ERROR] 2023-06-01 18:01:44.049 [main] AppiumCommonUtils - Appium server is not closing:- null
[INFO ] 2023-06-01 18:01:44.068 [main] Utils - [Utils] DynamicGraphHelper.createDynamicGraph() took 0 ms.
[INFO ] 2023-06-01 18:01:44.070 [main] AppiumCommonUtils - SuperBaseclass: Setup() is Start
[INFO ] 2023-06-01 18:01:44.070 [main] AppiumCommonUtils - Properties file is loaded by setupPropertiesLoad()
[INFO ] 2023-06-01 18:01:44.071 [main] AppiumCommonUtils - startAppiumServer() method is call
[ERROR] 2023-06-01 18:01:44.073 [main] AppiumCommonUtils - ***** Appium server is not started : The invalid IP address $ipaddress is defined
[INFO ] 2023-06-01 18:01:44.073 [main] AppiumCommonUtils - Set APK file name is:- General-Store
[INFO ] 2023-06-01 18:01:44.073 [main] AppiumCommonUtils - getCapabilities() method is call
[INFO ] 2023-06-01 18:01:44.494 [main] AppiumCommonUtils - Platform Name - Android
[INFO ] 2023-06-01 18:01:44.494 [main] AppiumCommonUtils - Device UDID   - JZBUSWZ9ROOBQ8ZD
[INFO ] 2023-06-01 18:01:44.494 [main] AppiumCommonUtils - Product Verison - 8.1.0
[INFO ] 2023-06-01 18:01:44.494 [main] AppiumCommonUtils - Model Number   - vivo 1820
[INFO ] 2023-06-01 18:01:44.494 [main] AppiumCommonUtils - Buld Verison   - 27
[INFO ] 2023-06-01 18:01:44.494 [main] AppiumCommonUtils - Capabilities are successfully taken
[ERROR] 2023-06-01 18:01:44.496 [main] AppiumCommonUtils - ***** SuperBaseclass: Setup() is not run..null
[INFO ] 2023-06-01 18:01:44.501 [main] AppiumCommonUtils - BeforeMethod() start
[INFO ] 2023-06-01 18:01:44.502 [main] AppiumCommonUtils - get Package before start activity:com.androidsample.generalstore
[INFO ] 2023-06-01 18:01:44.502 [main] AppiumCommonUtils - get Package before start activity:com.androidsample.generalstore.SplashActivity
[INFO ] 2023-06-01 18:01:44.504 [main] AppiumCommonUtils - Teardown() is start
[ERROR] 2023-06-01 18:01:44.505 [main] AppiumCommonUtils - Appium server is not closing:- null
[INFO ] 2023-06-01 18:01:44.523 [main] Utils - [Utils] DynamicGraphHelper.createDynamicGraph() took 0 ms.
[INFO ] 2023-06-01 18:01:44.541 [main] Utils - [TestNG] Time taken by org.testng.internal.ExitCodeListener@b887730: 0 ms
[INFO ] 2023-06-01 18:01:44.579 [main] Utils - [TestNG] Time taken by org.testng.reporters.SuiteHTMLReporter@7afc4db9: 38 ms
[ERROR] 2023-06-01 18:01:44.625 [main] Main - C:\Users\Achal Trivedi\IdeaProjects\AppiumFrameworkDesign\target\surefire-reports\jquery-3.6.0.min.js
java.nio.file.FileAlreadyExistsException: C:\Users\Achal Trivedi\IdeaProjects\AppiumFrameworkDesign\target\surefire-reports\jquery-3.6.0.min.js
	at sun.nio.fs.WindowsException.translateToIOException(WindowsException.java:87) ~[?:?]
	at sun.nio.fs.WindowsException.rethrowAsIOException(WindowsException.java:103) ~[?:?]
	at sun.nio.fs.WindowsException.rethrowAsIOException(WindowsException.java:108) ~[?:?]
	at sun.nio.fs.WindowsFileSystemProvider.newByteChannel(WindowsFileSystemProvider.java:235) ~[?:?]
	at java.nio.file.spi.FileSystemProvider.newOutputStream(FileSystemProvider.java:478) ~[?:?]
	at java.nio.file.Files.newOutputStream(Files.java:220) ~[?:?]
	at java.nio.file.Files.copy(Files.java:3067) ~[?:?]
	at org.testng.reporters.jq.Main.generateReport(Main.java:95) [testng-7.6.1.jar:7.6.1]
	at org.testng.TestNG.generateReports(TestNG.java:1134) [testng-7.6.1.jar:7.6.1]
	at org.testng.TestNG.run(TestNG.java:1072) [testng-7.6.1.jar:7.6.1]
	at org.apache.maven.surefire.testng.TestNGExecutor.run(TestNGExecutor.java:308) [surefire-testng-3.0.0.jar:3.0.0]
	at org.apache.maven.surefire.testng.TestNGXmlTestSuite.execute(TestNGXmlTestSuite.java:71) [surefire-testng-3.0.0.jar:3.0.0]
	at org.apache.maven.surefire.testng.TestNGProvider.invoke(TestNGProvider.java:113) [surefire-testng-3.0.0.jar:3.0.0]
	at org.apache.maven.surefire.booter.ForkedBooter.runSuitesInProcess(ForkedBooter.java:385) [surefire-booter-3.0.0.jar:3.0.0]
	at org.apache.maven.surefire.booter.ForkedBooter.execute(ForkedBooter.java:162) [surefire-booter-3.0.0.jar:3.0.0]
	at org.apache.maven.surefire.booter.ForkedBooter.run(ForkedBooter.java:507) [surefire-booter-3.0.0.jar:3.0.0]
	at org.apache.maven.surefire.booter.ForkedBooter.main(ForkedBooter.java:495) [surefire-booter-3.0.0.jar:3.0.0]
[INFO ] 2023-06-01 18:01:44.637 [main] Utils - [TestNG] Time taken by org.testng.reporters.jq.Main@37c36608: 58 ms
[INFO ] 2023-06-01 18:01:44.650 [main] Utils - [TestNG] Time taken by org.testng.reporters.FailedReporter@4cbc2e3b: 13 ms
[INFO ] 2023-06-01 18:01:44.665 [main] Utils - [TestNG] Time taken by org.testng.reporters.XMLReporter@480ad82c: 14 ms
[INFO ] 2023-06-01 18:01:44.678 [main] Utils - [TestNG] Time taken by org.testng.reporters.EmailableReporter2@5d8ab698: 12 ms
[INFO ] 2023-06-01 18:01:44.698 [main] Utils - [TestNG] Time taken by org.testng.reporters.JUnitReportReporter@80bfa9d: 20 ms
