[INFO ] 2023-05-17 18:02:08.693 [main] Utils - [Utils] MethodGroupsHelper.collectMethodsByGroup() took 0 ms.
[INFO ] 2023-05-17 18:02:08.710 [main] Utils - [Utils] MethodGroupsHelper.sortMethods() took 2 ms.
[INFO ] 2023-05-17 18:02:08.712 [main] Utils - [Utils] MethodGroupsHelper.collectMethodsByGroup() took 0 ms.
[INFO ] 2023-05-17 18:02:08.712 [main] Utils - [Utils] MethodGroupsHelper.sortMethods() took 0 ms.
[INFO ] 2023-05-17 18:02:08.713 [main] Utils - [Utils] MethodGroupsHelper.collectMethodsByGroup() took 0 ms.
[INFO ] 2023-05-17 18:02:08.714 [main] Utils - [Utils] MethodGroupsHelper.sortMethods() took 0 ms.
[INFO ] 2023-05-17 18:02:08.715 [main] Utils - [Utils] MethodGroupsHelper.collectMethodsByGroup() took 0 ms.
[INFO ] 2023-05-17 18:02:08.716 [main] Utils - [Utils] MethodGroupsHelper.sortMethods() took 0 ms.
[INFO ] 2023-05-17 18:02:08.717 [main] Utils - [Utils] MethodGroupsHelper.collectMethodsByGroup() took 0 ms.
[INFO ] 2023-05-17 18:02:08.732 [main] Utils - [Utils] MethodGroupsHelper.sortMethods() took 14 ms.
[INFO ] 2023-05-17 18:02:08.734 [main] Utils - [Utils] MethodGroupsHelper.collectMethodsByGroup() took 0 ms.
[INFO ] 2023-05-17 18:02:08.734 [main] Utils - [Utils] MethodGroupsHelper.sortMethods() took 0 ms.
[INFO ] 2023-05-17 18:02:08.735 [main] Utils - [Utils] MethodGroupsHelper.collectMethodsByGroup() took 0 ms.
[INFO ] 2023-05-17 18:02:08.735 [main] Utils - [Utils] MethodGroupsHelper.sortMethods() took 0 ms.
[INFO ] 2023-05-17 18:02:08.736 [main] Utils - [Utils] MethodGroupsHelper.collectMethodsByGroup() took 0 ms.
[INFO ] 2023-05-17 18:02:08.736 [main] Utils - [Utils] MethodGroupsHelper.sortMethods() took 0 ms.
[INFO ] 2023-05-17 18:02:08.740 [main] Utils - [Utils] MethodGroupsHelper.collectMethodsByGroup() took 0 ms.
[INFO ] 2023-05-17 18:02:08.741 [main] Utils - [Utils] MethodGroupsHelper.sortMethods() took 0 ms.
[INFO ] 2023-05-17 18:02:08.742 [main] Utils - [Utils] MethodGroupsHelper.collectMethodsByGroup() took 0 ms.
[INFO ] 2023-05-17 18:02:08.742 [main] Utils - [Utils] MethodGroupsHelper.sortMethods() took 0 ms.
[INFO ] 2023-05-17 18:02:08.744 [main] Utils - [Utils] MethodGroupsHelper.collectMethodsByGroup() took 0 ms.
[INFO ] 2023-05-17 18:02:08.744 [main] Utils - [Utils] MethodGroupsHelper.sortMethods() took 0 ms.
[INFO ] 2023-05-17 18:02:08.744 [main] Utils - [Utils] MethodGroupsHelper.collectMethodsByGroup() took 0 ms.
[INFO ] 2023-05-17 18:02:08.745 [main] Utils - [Utils] MethodGroupsHelper.sortMethods() took 0 ms.
[INFO ] 2023-05-17 18:02:08.759 [main] Utils - [Utils] MethodGroupsHelper.collectMethodsByGroup() took 12 ms.
[INFO ] 2023-05-17 18:02:08.760 [main] Utils - [Utils] MethodGroupsHelper.sortMethods() took 0 ms.
[INFO ] 2023-05-17 18:02:08.761 [main] Utils - [Utils] MethodGroupsHelper.collectMethodsByGroup() took 0 ms.
[INFO ] 2023-05-17 18:02:08.761 [main] Utils - [Utils] MethodGroupsHelper.sortMethods() took 0 ms.
[INFO ] 2023-05-17 18:02:08.761 [main] Utils - [Utils] MethodGroupsHelper.collectMethodsByGroup() took 0 ms.
[INFO ] 2023-05-17 18:02:08.762 [main] Utils - [Utils] MethodGroupsHelper.sortMethods() took 0 ms.
[INFO ] 2023-05-17 18:02:08.800 [main] Utils - [Utils] MethodGroupsHelper.collectMethodsByGroup() took 0 ms.
[INFO ] 2023-05-17 18:02:08.800 [main] Utils - [Utils] MethodGroupsHelper.sortMethods() took 0 ms.
[INFO ] 2023-05-17 18:02:08.801 [main] Utils - [Utils] MethodGroupsHelper.collectMethodsByGroup() took 0 ms.
[INFO ] 2023-05-17 18:02:08.801 [main] Utils - [Utils] MethodGroupsHelper.sortMethods() took 0 ms.
[INFO ] 2023-05-17 18:02:08.802 [main] Utils - [Utils] MethodGroupsHelper.collectMethodsByGroup() took 0 ms.
[INFO ] 2023-05-17 18:02:08.802 [main] Utils - [Utils] MethodGroupsHelper.sortMethods() took 0 ms.
[INFO ] 2023-05-17 18:02:08.803 [main] Utils - [Utils] MethodGroupsHelper.collectMethodsByGroup() took 0 ms.
[INFO ] 2023-05-17 18:02:08.803 [main] Utils - [Utils] MethodGroupsHelper.sortMethods() took 0 ms.
[INFO ] 2023-05-17 18:02:08.804 [main] Utils - [Utils] MethodGroupsHelper.collectMethodsByGroup() took 0 ms.
[INFO ] 2023-05-17 18:02:08.805 [main] Utils - [Utils] MethodGroupsHelper.sortMethods() took 0 ms.
[INFO ] 2023-05-17 18:02:08.806 [main] Utils - [Utils] MethodGroupsHelper.collectMethodsByGroup() took 0 ms.
[INFO ] 2023-05-17 18:02:08.806 [main] Utils - [Utils] MethodGroupsHelper.sortMethods() took 0 ms.
[INFO ] 2023-05-17 18:02:08.807 [main] Utils - [Utils] MethodGroupsHelper.collectMethodsByGroup() took 0 ms.
[INFO ] 2023-05-17 18:02:08.808 [main] Utils - [Utils] MethodGroupsHelper.sortMethods() took 0 ms.
[INFO ] 2023-05-17 18:02:08.808 [main] Utils - [Utils] MethodGroupsHelper.collectMethodsByGroup() took 0 ms.
[INFO ] 2023-05-17 18:02:08.808 [main] Utils - [Utils] MethodGroupsHelper.sortMethods() took 0 ms.
[INFO ] 2023-05-17 18:02:08.809 [main] Utils - [Utils] MethodGroupsHelper.collectMethodsByGroup() took 0 ms.
[INFO ] 2023-05-17 18:02:08.810 [main] Utils - [Utils] MethodGroupsHelper.sortMethods() took 0 ms.
[INFO ] 2023-05-17 18:02:08.810 [main] Utils - [Utils] MethodGroupsHelper.collectMethodsByGroup() took 0 ms.
[INFO ] 2023-05-17 18:02:08.810 [main] Utils - [Utils] MethodGroupsHelper.sortMethods() took 0 ms.
[INFO ] 2023-05-17 18:02:08.811 [main] Utils - [Utils] MethodGroupsHelper.collectMethodsByGroup() took 0 ms.
[INFO ] 2023-05-17 18:02:08.811 [main] Utils - [Utils] MethodGroupsHelper.sortMethods() took 0 ms.
[INFO ] 2023-05-17 18:02:08.811 [main] Utils - [Utils] MethodGroupsHelper.collectMethodsByGroup() took 0 ms.
[INFO ] 2023-05-17 18:02:08.811 [main] Utils - [Utils] MethodGroupsHelper.sortMethods() took 0 ms.
[INFO ] 2023-05-17 18:02:08.812 [main] Utils - [Utils] MethodGroupsHelper.collectMethodsByGroup() took 0 ms.
[INFO ] 2023-05-17 18:02:08.812 [main] Utils - [Utils] MethodGroupsHelper.sortMethods() took 0 ms.
[INFO ] 2023-05-17 18:02:08.812 [main] Utils - [Utils] MethodGroupsHelper.collectMethodsByGroup() took 0 ms.
[INFO ] 2023-05-17 18:02:08.813 [main] Utils - [Utils] MethodGroupsHelper.sortMethods() took 0 ms.
[INFO ] 2023-05-17 18:02:08.813 [main] Utils - [Utils] MethodGroupsHelper.collectMethodsByGroup() took 0 ms.
[INFO ] 2023-05-17 18:02:08.813 [main] Utils - [Utils] MethodGroupsHelper.sortMethods() took 0 ms.
[INFO ] 2023-05-17 18:02:08.834 [main] Utils - [Utils] MethodGroupsHelper.collectMethodsByGroup() took 0 ms.
[INFO ] 2023-05-17 18:02:08.834 [main] Utils - [Utils] MethodGroupsHelper.sortMethods() took 0 ms.
[INFO ] 2023-05-17 18:02:08.835 [main] Utils - [Utils] MethodGroupsHelper.collectMethodsByGroup() took 0 ms.
[INFO ] 2023-05-17 18:02:08.835 [main] Utils - [Utils] MethodGroupsHelper.sortMethods() took 0 ms.
[INFO ] 2023-05-17 18:02:08.836 [main] Utils - [Utils] MethodGroupsHelper.collectMethodsByGroup() took 0 ms.
[INFO ] 2023-05-17 18:02:08.836 [main] Utils - [Utils] MethodGroupsHelper.sortMethods() took 0 ms.
[INFO ] 2023-05-17 18:02:08.837 [main] Utils - [Utils] MethodGroupsHelper.collectMethodsByGroup() took 0 ms.
[INFO ] 2023-05-17 18:02:08.837 [main] Utils - [Utils] MethodGroupsHelper.sortMethods() took 0 ms.
[INFO ] 2023-05-17 18:02:08.838 [main] Utils - [Utils] MethodGroupsHelper.collectMethodsByGroup() took 0 ms.
[INFO ] 2023-05-17 18:02:08.838 [main] Utils - [Utils] MethodGroupsHelper.sortMethods() took 0 ms.
[INFO ] 2023-05-17 18:02:08.839 [main] Utils - [Utils] MethodGroupsHelper.collectMethodsByGroup() took 0 ms.
[INFO ] 2023-05-17 18:02:08.840 [main] Utils - [Utils] MethodGroupsHelper.sortMethods() took 0 ms.
[INFO ] 2023-05-17 18:02:08.840 [main] Utils - [Utils] MethodGroupsHelper.collectMethodsByGroup() took 0 ms.
[INFO ] 2023-05-17 18:02:08.840 [main] Utils - [Utils] MethodGroupsHelper.sortMethods() took 0 ms.
[INFO ] 2023-05-17 18:02:08.841 [main] Utils - [Utils] MethodGroupsHelper.collectMethodsByGroup() took 0 ms.
[INFO ] 2023-05-17 18:02:08.841 [main] Utils - [Utils] MethodGroupsHelper.sortMethods() took 0 ms.
[INFO ] 2023-05-17 18:02:08.842 [main] Utils - [Utils] MethodGroupsHelper.collectMethodsByGroup() took 0 ms.
[INFO ] 2023-05-17 18:02:08.842 [main] Utils - [Utils] MethodGroupsHelper.sortMethods() took 0 ms.
[INFO ] 2023-05-17 18:02:08.843 [main] Utils - [Utils] MethodGroupsHelper.collectMethodsByGroup() took 0 ms.
[INFO ] 2023-05-17 18:02:08.843 [main] Utils - [Utils] MethodGroupsHelper.sortMethods() took 0 ms.
[INFO ] 2023-05-17 18:02:08.843 [main] Utils - [Utils] MethodGroupsHelper.collectMethodsByGroup() took 0 ms.
[INFO ] 2023-05-17 18:02:08.843 [main] Utils - [Utils] MethodGroupsHelper.sortMethods() took 0 ms.
[INFO ] 2023-05-17 18:02:08.843 [main] Utils - [Utils] MethodGroupsHelper.collectMethodsByGroup() took 0 ms.
[INFO ] 2023-05-17 18:02:08.843 [main] Utils - [Utils] MethodGroupsHelper.sortMethods() took 0 ms.
[INFO ] 2023-05-17 18:02:08.844 [main] Utils - [Utils] MethodGroupsHelper.collectMethodsByGroup() took 0 ms.
[INFO ] 2023-05-17 18:02:08.844 [main] Utils - [Utils] MethodGroupsHelper.sortMethods() took 0 ms.
[INFO ] 2023-05-17 18:02:08.845 [main] Utils - [Utils] MethodGroupsHelper.collectMethodsByGroup() took 0 ms.
[INFO ] 2023-05-17 18:02:08.845 [main] Utils - [Utils] MethodGroupsHelper.sortMethods() took 0 ms.
[INFO ] 2023-05-17 18:02:08.845 [main] Utils - [Utils] MethodGroupsHelper.collectMethodsByGroup() took 0 ms.
[INFO ] 2023-05-17 18:02:08.845 [main] Utils - [Utils] MethodGroupsHelper.sortMethods() took 0 ms.
[INFO ] 2023-05-17 18:02:08.850 [main] Utils - [Utils] MethodGroupsHelper.collectMethodsByGroup() took 0 ms.
[INFO ] 2023-05-17 18:02:08.850 [main] Utils - [Utils] MethodGroupsHelper.sortMethods() took 0 ms.
[INFO ] 2023-05-17 18:02:08.851 [main] Utils - [Utils] MethodGroupsHelper.collectMethodsByGroup() took 0 ms.
[INFO ] 2023-05-17 18:02:08.851 [main] Utils - [Utils] MethodGroupsHelper.sortMethods() took 0 ms.
[INFO ] 2023-05-17 18:02:08.851 [main] Utils - [Utils] MethodGroupsHelper.collectMethodsByGroup() took 0 ms.
[INFO ] 2023-05-17 18:02:08.851 [main] Utils - [Utils] MethodGroupsHelper.sortMethods() took 0 ms.
[INFO ] 2023-05-17 18:02:08.852 [main] Utils - [Utils] MethodGroupsHelper.collectMethodsByGroup() took 0 ms.
[INFO ] 2023-05-17 18:02:08.852 [main] Utils - [Utils] MethodGroupsHelper.sortMethods() took 0 ms.
[INFO ] 2023-05-17 18:02:08.852 [main] Utils - [Utils] MethodGroupsHelper.collectMethodsByGroup() took 0 ms.
[INFO ] 2023-05-17 18:02:08.853 [main] Utils - [Utils] MethodGroupsHelper.sortMethods() took 0 ms.
[INFO ] 2023-05-17 18:02:08.853 [main] Utils - [Utils] MethodGroupsHelper.collectMethodsByGroup() took 0 ms.
[INFO ] 2023-05-17 18:02:08.854 [main] Utils - [Utils] MethodGroupsHelper.sortMethods() took 0 ms.
[INFO ] 2023-05-17 18:02:08.855 [main] Utils - [Utils] MethodGroupsHelper.collectMethodsByGroup() took 0 ms.
[INFO ] 2023-05-17 18:02:08.856 [main] Utils - [Utils] MethodGroupsHelper.sortMethods() took 0 ms.
[INFO ] 2023-05-17 18:02:08.856 [main] Utils - [Utils] MethodGroupsHelper.collectMethodsByGroup() took 0 ms.
[INFO ] 2023-05-17 18:02:08.856 [main] Utils - [Utils] MethodGroupsHelper.sortMethods() took 0 ms.
[INFO ] 2023-05-17 18:02:08.857 [main] Utils - [Utils] MethodGroupsHelper.collectMethodsByGroup() took 0 ms.
[INFO ] 2023-05-17 18:02:08.857 [main] Utils - [Utils] MethodGroupsHelper.sortMethods() took 0 ms.
[INFO ] 2023-05-17 18:02:08.857 [main] Utils - [Utils] MethodGroupsHelper.collectMethodsByGroup() took 0 ms.
[INFO ] 2023-05-17 18:02:08.857 [main] Utils - [Utils] MethodGroupsHelper.sortMethods() took 0 ms.
[INFO ] 2023-05-17 18:02:08.858 [main] Utils - [Utils] MethodGroupsHelper.collectMethodsByGroup() took 0 ms.
[INFO ] 2023-05-17 18:02:08.858 [main] Utils - [Utils] MethodGroupsHelper.sortMethods() took 0 ms.
[INFO ] 2023-05-17 18:02:08.858 [main] Utils - [Utils] MethodGroupsHelper.collectMethodsByGroup() took 0 ms.
[INFO ] 2023-05-17 18:02:08.858 [main] Utils - [Utils] MethodGroupsHelper.sortMethods() took 0 ms.
[INFO ] 2023-05-17 18:02:08.858 [main] Utils - [Utils] MethodGroupsHelper.collectMethodsByGroup() took 0 ms.
[INFO ] 2023-05-17 18:02:08.858 [main] Utils - [Utils] MethodGroupsHelper.sortMethods() took 0 ms.
[INFO ] 2023-05-17 18:02:08.859 [main] Utils - [Utils] MethodGroupsHelper.collectMethodsByGroup() took 0 ms.
[INFO ] 2023-05-17 18:02:08.859 [main] Utils - [Utils] MethodGroupsHelper.sortMethods() took 0 ms.
[INFO ] 2023-05-17 18:02:08.859 [main] Utils - [Utils] MethodGroupsHelper.collectMethodsByGroup() took 0 ms.
[INFO ] 2023-05-17 18:02:08.859 [main] Utils - [Utils] MethodGroupsHelper.sortMethods() took 0 ms.
[INFO ] 2023-05-17 18:02:08.882 [main] Utils - [Utils] DynamicGraphHelper.createDynamicGraph() took 7 ms.
[ERROR] 2023-05-17 18:02:08.931 [main] AppiumCommonUtils - SuperBaseclass: Setup() is Start
[FATAL] 2023-05-17 18:02:08.931 [main] AppiumCommonUtils - fatal message
[WARN ] 2023-05-17 18:02:08.931 [main] AppiumCommonUtils - warn message
[INFO ] 2023-05-17 18:02:08.932 [main] AppiumCommonUtils - Properties file is loaded by setupPropertiesLoad()
[INFO ] 2023-05-17 18:02:08.932 [main] AppiumCommonUtils - startAppiumServer() method is call
[ERROR] 2023-05-17 18:02:09.011 [main] AppiumCommonUtils - ***** Appium server is not started : The invalid IP address $ipaddress is defined
[INFO ] 2023-05-17 18:02:09.011 [main] AppiumCommonUtils - Set APK file name is:- General-Store
[INFO ] 2023-05-17 18:02:09.012 [main] AppiumCommonUtils - getCapabilities() method is call
[INFO ] 2023-05-17 18:02:10.714 [main] AppiumCommonUtils - Platform Name - Android
[INFO ] 2023-05-17 18:02:10.714 [main] AppiumCommonUtils - Device UDID   - HAEY95SKIFIJDI49
[INFO ] 2023-05-17 18:02:10.714 [main] AppiumCommonUtils - Product Verison - 9
[INFO ] 2023-05-17 18:02:10.714 [main] AppiumCommonUtils - Model Number   - CPH2083
[INFO ] 2023-05-17 18:02:10.714 [main] AppiumCommonUtils - Buld Verison   - 28
[INFO ] 2023-05-17 18:02:10.715 [main] AppiumCommonUtils - Capabilities are successfully taken
[ERROR] 2023-05-17 18:02:10.776 [main] AppiumCommonUtils - ***** SuperBaseclass: Setup() is not run..null
[INFO ] 2023-05-17 18:02:10.789 [main] AppiumCommonUtils - BeforeMethod() start
[INFO ] 2023-05-17 18:02:10.920 [main] AppiumCommonUtils - get Package before start activity:com.androidsample.generalstore
[INFO ] 2023-05-17 18:02:10.920 [main] AppiumCommonUtils - get Package before start activity:com.androidsample.generalstore.SplashActivity
[INFO ] 2023-05-17 18:02:10.946 [main] AppiumCommonUtils - Teardown is start
[ERROR] 2023-05-17 18:02:10.946 [main] AppiumCommonUtils - Appium server is not closing:- null
[INFO ] 2023-05-17 18:02:11.361 [main] Utils - [Utils] DynamicGraphHelper.createDynamicGraph() took 0 ms.
[ERROR] 2023-05-17 18:02:11.362 [main] AppiumCommonUtils - SuperBaseclass: Setup() is Start
[FATAL] 2023-05-17 18:02:11.363 [main] AppiumCommonUtils - fatal message
[WARN ] 2023-05-17 18:02:11.363 [main] AppiumCommonUtils - warn message
[INFO ] 2023-05-17 18:02:11.363 [main] AppiumCommonUtils - Properties file is loaded by setupPropertiesLoad()
[INFO ] 2023-05-17 18:02:11.363 [main] AppiumCommonUtils - startAppiumServer() method is call
[ERROR] 2023-05-17 18:02:11.368 [main] AppiumCommonUtils - ***** Appium server is not started : The invalid IP address $ipaddress is defined
[INFO ] 2023-05-17 18:02:11.368 [main] AppiumCommonUtils - Set APK file name is:- General-Store
[INFO ] 2023-05-17 18:02:11.368 [main] AppiumCommonUtils - getCapabilities() method is call
[INFO ] 2023-05-17 18:02:12.154 [main] AppiumCommonUtils - Platform Name - Android
[INFO ] 2023-05-17 18:02:12.154 [main] AppiumCommonUtils - Device UDID   - HAEY95SKIFIJDI49
[INFO ] 2023-05-17 18:02:12.154 [main] AppiumCommonUtils - Product Verison - 9
[INFO ] 2023-05-17 18:02:12.154 [main] AppiumCommonUtils - Model Number   - CPH2083
[INFO ] 2023-05-17 18:02:12.154 [main] AppiumCommonUtils - Buld Verison   - 28
[INFO ] 2023-05-17 18:02:12.154 [main] AppiumCommonUtils - Capabilities are successfully taken
[ERROR] 2023-05-17 18:02:12.155 [main] AppiumCommonUtils - ***** SuperBaseclass: Setup() is not run..null
[INFO ] 2023-05-17 18:02:12.157 [main] AppiumCommonUtils - BeforeMethod() start
[INFO ] 2023-05-17 18:02:12.159 [main] AppiumCommonUtils - get Package before start activity:com.androidsample.generalstore
[INFO ] 2023-05-17 18:02:12.159 [main] AppiumCommonUtils - get Package before start activity:com.androidsample.generalstore.SplashActivity
[INFO ] 2023-05-17 18:02:12.161 [main] AppiumCommonUtils - Teardown is start
[ERROR] 2023-05-17 18:02:12.161 [main] AppiumCommonUtils - Appium server is not closing:- null
[INFO ] 2023-05-17 18:02:12.181 [main] Utils - [Utils] DynamicGraphHelper.createDynamicGraph() took 0 ms.
[ERROR] 2023-05-17 18:02:12.182 [main] AppiumCommonUtils - SuperBaseclass: Setup() is Start
[FATAL] 2023-05-17 18:02:12.182 [main] AppiumCommonUtils - fatal message
[WARN ] 2023-05-17 18:02:12.182 [main] AppiumCommonUtils - warn message
[INFO ] 2023-05-17 18:02:12.182 [main] AppiumCommonUtils - Properties file is loaded by setupPropertiesLoad()
[INFO ] 2023-05-17 18:02:12.183 [main] AppiumCommonUtils - startAppiumServer() method is call
[ERROR] 2023-05-17 18:02:12.185 [main] AppiumCommonUtils - ***** Appium server is not started : The invalid IP address $ipaddress is defined
[INFO ] 2023-05-17 18:02:12.185 [main] AppiumCommonUtils - Set APK file name is:- General-Store
[INFO ] 2023-05-17 18:02:12.185 [main] AppiumCommonUtils - getCapabilities() method is call
[INFO ] 2023-05-17 18:02:12.901 [main] AppiumCommonUtils - Platform Name - Android
[INFO ] 2023-05-17 18:02:12.901 [main] AppiumCommonUtils - Device UDID   - HAEY95SKIFIJDI49
[INFO ] 2023-05-17 18:02:12.901 [main] AppiumCommonUtils - Product Verison - 9
[INFO ] 2023-05-17 18:02:12.901 [main] AppiumCommonUtils - Model Number   - CPH2083
[INFO ] 2023-05-17 18:02:12.901 [main] AppiumCommonUtils - Buld Verison   - 28
[INFO ] 2023-05-17 18:02:12.901 [main] AppiumCommonUtils - Capabilities are successfully taken
[ERROR] 2023-05-17 18:02:12.903 [main] AppiumCommonUtils - ***** SuperBaseclass: Setup() is not run..null
[INFO ] 2023-05-17 18:02:12.908 [main] AppiumCommonUtils - BeforeMethod() start
[INFO ] 2023-05-17 18:02:12.909 [main] AppiumCommonUtils - get Package before start activity:com.androidsample.generalstore
[INFO ] 2023-05-17 18:02:12.909 [main] AppiumCommonUtils - get Package before start activity:com.androidsample.generalstore.SplashActivity
[INFO ] 2023-05-17 18:02:12.912 [main] AppiumCommonUtils - Teardown is start
[ERROR] 2023-05-17 18:02:12.913 [main] AppiumCommonUtils - Appium server is not closing:- null
[INFO ] 2023-05-17 18:02:12.932 [main] Utils - [Utils] DynamicGraphHelper.createDynamicGraph() took 0 ms.
[INFO ] 2023-05-17 18:02:12.952 [main] Utils - [TestNG] Time taken by org.testng.internal.ExitCodeListener@b887730: 0 ms
[INFO ] 2023-05-17 18:02:12.989 [main] Utils - [TestNG] Time taken by org.testng.reporters.SuiteHTMLReporter@7afc4db9: 37 ms
[ERROR] 2023-05-17 18:02:13.030 [main] Main - C:\Users\Achal Trivedi\IdeaProjects\AppiumFrameworkDesign\target\surefire-reports\jquery-3.6.0.min.js
java.nio.file.FileAlreadyExistsException: C:\Users\Achal Trivedi\IdeaProjects\AppiumFrameworkDesign\target\surefire-reports\jquery-3.6.0.min.js
	at sun.nio.fs.WindowsException.translateToIOException(WindowsException.java:87) ~[?:?]
	at sun.nio.fs.WindowsException.rethrowAsIOException(WindowsException.java:103) ~[?:?]
	at sun.nio.fs.WindowsException.rethrowAsIOException(WindowsException.java:108) ~[?:?]
	at sun.nio.fs.WindowsFileSystemProvider.newByteChannel(WindowsFileSystemProvider.java:235) ~[?:?]
	at java.nio.file.spi.FileSystemProvider.newOutputStream(FileSystemProvider.java:478) ~[?:?]
	at java.nio.file.Files.newOutputStream(Files.java:220) ~[?:?]
	at java.nio.file.Files.copy(Files.java:3067) ~[?:?]
	at org.testng.reporters.jq.Main.generateReport(Main.java:95) [testng-7.6.1.jar:7.6.1]
	at org.testng.TestNG.generateReports(TestNG.java:1134) [testng-7.6.1.jar:7.6.1]
	at org.testng.TestNG.run(TestNG.java:1072) [testng-7.6.1.jar:7.6.1]
	at org.apache.maven.surefire.testng.TestNGExecutor.run(TestNGExecutor.java:308) [surefire-testng-3.0.0.jar:3.0.0]
	at org.apache.maven.surefire.testng.TestNGXmlTestSuite.execute(TestNGXmlTestSuite.java:71) [surefire-testng-3.0.0.jar:3.0.0]
	at org.apache.maven.surefire.testng.TestNGProvider.invoke(TestNGProvider.java:113) [surefire-testng-3.0.0.jar:3.0.0]
	at org.apache.maven.surefire.booter.ForkedBooter.runSuitesInProcess(ForkedBooter.java:385) [surefire-booter-3.0.0.jar:3.0.0]
	at org.apache.maven.surefire.booter.ForkedBooter.execute(ForkedBooter.java:162) [surefire-booter-3.0.0.jar:3.0.0]
	at org.apache.maven.surefire.booter.ForkedBooter.run(ForkedBooter.java:507) [surefire-booter-3.0.0.jar:3.0.0]
	at org.apache.maven.surefire.booter.ForkedBooter.main(ForkedBooter.java:495) [surefire-booter-3.0.0.jar:3.0.0]
[INFO ] 2023-05-17 18:02:13.043 [main] Utils - [TestNG] Time taken by org.testng.reporters.jq.Main@37c36608: 54 ms
[INFO ] 2023-05-17 18:02:13.064 [main] Utils - [TestNG] Time taken by org.testng.reporters.FailedReporter@4cbc2e3b: 21 ms
[INFO ] 2023-05-17 18:02:13.077 [main] Utils - [TestNG] Time taken by org.testng.reporters.XMLReporter@480ad82c: 13 ms
[INFO ] 2023-05-17 18:02:13.088 [main] Utils - [TestNG] Time taken by org.testng.reporters.EmailableReporter2@5d8ab698: 11 ms
[INFO ] 2023-05-17 18:02:13.106 [main] Utils - [TestNG] Time taken by org.testng.reporters.JUnitReportReporter@80bfa9d: 16 ms
