[INFO ] 2023-05-25 18:56:09.944 [main] Utils - [TestNG] Running:
  C:\Users\Achal Trivedi\AppData\Local\JetBrains\IdeaIC2022.2\temp-testng-customsuite.xml

[INFO ] 2023-05-25 18:56:10.011 [main] AppiumCommonUtils - SuperBaseclass: Setup() is Start
[INFO ] 2023-05-25 18:56:10.012 [main] AppiumCommonUtils - Properties file is loaded by setupPropertiesLoad()
[INFO ] 2023-05-25 18:56:10.013 [main] AppiumCommonUtils - startAppiumServer() method is call
[INFO ] 2023-05-25 18:56:13.162 [main] AppiumCommonUtils - Appium Server Started via Java
[INFO ] 2023-05-25 18:56:13.162 [main] AppiumCommonUtils - Set APK file name is:- General-Store
[INFO ] 2023-05-25 18:56:13.163 [main] AppiumCommonUtils - getCapabilities() method is call
[ERROR] 2023-05-25 18:56:13.410 [main] AppiumCommonUtils - ***** Capabilities not get, check device adb connection:- null
[ERROR] 2023-05-25 18:56:35.400 [main] AppiumCommonUtils - ***** SuperBaseclass: Setup() is not run..Could not start a new session. Response code 500. Message: An unknown server-side error occurred while processing the command. Original error: Could not find a connected Android device in 20087ms. 
Host info: host: 'DESKTOP-PQ7S2JC', ip: '192.168.29.75'
Build info: version: '4.5.0', revision: 'fe167b119a'
System info: os.name: 'Windows 10', os.arch: 'amd64', os.version: '10.0', java.version: '11.0.17'
Driver info: io.appium.java_client.android.AndroidDriver
Command: [null, newSession {capabilities=[{platformName=ANDROID}], desiredCapabilities=Capabilities {platformName: ANDROID}}]
Capabilities {}
[INFO ] 2023-05-25 18:56:35.425 [main] AppiumCommonUtils - BeforeMethod() start
[INFO ] 2023-05-25 18:56:35.651 [main] AppiumCommonUtils - get Package before start activity:com.androidsample.generalstore
[INFO ] 2023-05-25 18:56:35.651 [main] AppiumCommonUtils - get Package before start activity:com.androidsample.generalstore.SplashActivity
[INFO ] 2023-05-25 18:56:35.681 [main] AppiumCommonUtils - Teardown() is start
[INFO ] 2023-05-25 18:56:35.682 [main] AppiumCommonUtils - Appium server is closed
[INFO ] 2023-05-25 18:58:01.113 [main] Utils - [TestNG] Running:
  C:\Users\Achal Trivedi\AppData\Local\JetBrains\IdeaIC2022.2\temp-testng-customsuite.xml

[INFO ] 2023-05-25 18:58:01.166 [main] AppiumCommonUtils - SuperBaseclass: Setup() is Start
[INFO ] 2023-05-25 18:58:01.167 [main] AppiumCommonUtils - Properties file is loaded by setupPropertiesLoad()
[INFO ] 2023-05-25 18:58:01.167 [main] AppiumCommonUtils - startAppiumServer() method is call
[INFO ] 2023-05-25 18:58:03.298 [main] AppiumCommonUtils - Appium Server Started via Java
[INFO ] 2023-05-25 18:58:03.298 [main] AppiumCommonUtils - Set APK file name is:- General-Store
[INFO ] 2023-05-25 18:58:03.299 [main] AppiumCommonUtils - getCapabilities() method is call
[ERROR] 2023-05-25 18:58:03.528 [main] AppiumCommonUtils - ***** Capabilities not get, check device adb connection:- null
[ERROR] 2023-05-25 18:58:25.544 [main] AppiumCommonUtils - ***** SuperBaseclass: Setup() is not run..Could not start a new session. Response code 500. Message: An unknown server-side error occurred while processing the command. Original error: Could not find a connected Android device in 20183ms. 
Host info: host: 'DESKTOP-PQ7S2JC', ip: '192.168.29.75'
Build info: version: '4.5.0', revision: 'fe167b119a'
System info: os.name: 'Windows 10', os.arch: 'amd64', os.version: '10.0', java.version: '11.0.17'
Driver info: io.appium.java_client.android.AndroidDriver
Command: [null, newSession {capabilities=[{platformName=ANDROID}], desiredCapabilities=Capabilities {platformName: ANDROID}}]
Capabilities {}
[INFO ] 2023-05-25 18:58:25.572 [main] AppiumCommonUtils - BeforeMethod() start
[INFO ] 2023-05-25 18:58:25.897 [main] AppiumCommonUtils - get Package before start activity:com.androidsample.generalstore
[INFO ] 2023-05-25 18:58:25.898 [main] AppiumCommonUtils - get Package before start activity:com.androidsample.generalstore.SplashActivity
[INFO ] 2023-05-25 18:58:25.919 [main] AppiumCommonUtils - Teardown() is start
[INFO ] 2023-05-25 18:58:25.920 [main] AppiumCommonUtils - Appium server is closed
