[INFO ] 2023-05-26 18:01:52.746 [main] Utils - [Utils] MethodGroupsHelper.collectMethodsByGroup() took 0 ms.
[INFO ] 2023-05-26 18:01:52.762 [main] Utils - [Utils] MethodGroupsHelper.sortMethods() took 3 ms.
[INFO ] 2023-05-26 18:01:52.764 [main] Utils - [Utils] MethodGroupsHelper.collectMethodsByGroup() took 0 ms.
[INFO ] 2023-05-26 18:01:52.765 [main] Utils - [Utils] MethodGroupsHelper.sortMethods() took 0 ms.
[INFO ] 2023-05-26 18:01:52.766 [main] Utils - [Utils] MethodGroupsHelper.collectMethodsByGroup() took 0 ms.
[INFO ] 2023-05-26 18:01:52.766 [main] Utils - [Utils] MethodGroupsHelper.sortMethods() took 0 ms.
[INFO ] 2023-05-26 18:01:52.767 [main] Utils - [Utils] MethodGroupsHelper.collectMethodsByGroup() took 0 ms.
[INFO ] 2023-05-26 18:01:52.768 [main] Utils - [Utils] MethodGroupsHelper.sortMethods() took 0 ms.
[INFO ] 2023-05-26 18:01:52.769 [main] Utils - [Utils] MethodGroupsHelper.collectMethodsByGroup() took 0 ms.
[INFO ] 2023-05-26 18:01:52.788 [main] Utils - [Utils] MethodGroupsHelper.sortMethods() took 17 ms.
[INFO ] 2023-05-26 18:01:52.790 [main] Utils - [Utils] MethodGroupsHelper.collectMethodsByGroup() took 0 ms.
[INFO ] 2023-05-26 18:01:52.790 [main] Utils - [Utils] MethodGroupsHelper.sortMethods() took 0 ms.
[INFO ] 2023-05-26 18:01:52.791 [main] Utils - [Utils] MethodGroupsHelper.collectMethodsByGroup() took 0 ms.
[INFO ] 2023-05-26 18:01:52.792 [main] Utils - [Utils] MethodGroupsHelper.sortMethods() took 0 ms.
[INFO ] 2023-05-26 18:01:52.792 [main] Utils - [Utils] MethodGroupsHelper.collectMethodsByGroup() took 0 ms.
[INFO ] 2023-05-26 18:01:52.792 [main] Utils - [Utils] MethodGroupsHelper.sortMethods() took 0 ms.
[INFO ] 2023-05-26 18:01:52.796 [main] Utils - [Utils] MethodGroupsHelper.collectMethodsByGroup() took 0 ms.
[INFO ] 2023-05-26 18:01:52.796 [main] Utils - [Utils] MethodGroupsHelper.sortMethods() took 0 ms.
[INFO ] 2023-05-26 18:01:52.797 [main] Utils - [Utils] MethodGroupsHelper.collectMethodsByGroup() took 0 ms.
[INFO ] 2023-05-26 18:01:52.798 [main] Utils - [Utils] MethodGroupsHelper.sortMethods() took 0 ms.
[INFO ] 2023-05-26 18:01:52.799 [main] Utils - [Utils] MethodGroupsHelper.collectMethodsByGroup() took 0 ms.
[INFO ] 2023-05-26 18:01:52.800 [main] Utils - [Utils] MethodGroupsHelper.sortMethods() took 0 ms.
[INFO ] 2023-05-26 18:01:52.800 [main] Utils - [Utils] MethodGroupsHelper.collectMethodsByGroup() took 0 ms.
[INFO ] 2023-05-26 18:01:52.800 [main] Utils - [Utils] MethodGroupsHelper.sortMethods() took 0 ms.
[INFO ] 2023-05-26 18:01:52.814 [main] Utils - [Utils] MethodGroupsHelper.collectMethodsByGroup() took 12 ms.
[INFO ] 2023-05-26 18:01:52.815 [main] Utils - [Utils] MethodGroupsHelper.sortMethods() took 0 ms.
[INFO ] 2023-05-26 18:01:52.817 [main] Utils - [Utils] MethodGroupsHelper.collectMethodsByGroup() took 0 ms.
[INFO ] 2023-05-26 18:01:52.817 [main] Utils - [Utils] MethodGroupsHelper.sortMethods() took 0 ms.
[INFO ] 2023-05-26 18:01:52.817 [main] Utils - [Utils] MethodGroupsHelper.collectMethodsByGroup() took 0 ms.
[INFO ] 2023-05-26 18:01:52.817 [main] Utils - [Utils] MethodGroupsHelper.sortMethods() took 0 ms.
[INFO ] 2023-05-26 18:01:52.846 [main] Utils - [Utils] MethodGroupsHelper.collectMethodsByGroup() took 0 ms.
[INFO ] 2023-05-26 18:01:52.847 [main] Utils - [Utils] MethodGroupsHelper.sortMethods() took 0 ms.
[INFO ] 2023-05-26 18:01:52.847 [main] Utils - [Utils] MethodGroupsHelper.collectMethodsByGroup() took 0 ms.
[INFO ] 2023-05-26 18:01:52.848 [main] Utils - [Utils] MethodGroupsHelper.sortMethods() took 0 ms.
[INFO ] 2023-05-26 18:01:52.848 [main] Utils - [Utils] MethodGroupsHelper.collectMethodsByGroup() took 0 ms.
[INFO ] 2023-05-26 18:01:52.849 [main] Utils - [Utils] MethodGroupsHelper.sortMethods() took 0 ms.
[INFO ] 2023-05-26 18:01:52.850 [main] Utils - [Utils] MethodGroupsHelper.collectMethodsByGroup() took 0 ms.
[INFO ] 2023-05-26 18:01:52.850 [main] Utils - [Utils] MethodGroupsHelper.sortMethods() took 0 ms.
[INFO ] 2023-05-26 18:01:52.851 [main] Utils - [Utils] MethodGroupsHelper.collectMethodsByGroup() took 0 ms.
[INFO ] 2023-05-26 18:01:52.851 [main] Utils - [Utils] MethodGroupsHelper.sortMethods() took 0 ms.
[INFO ] 2023-05-26 18:01:52.853 [main] Utils - [Utils] MethodGroupsHelper.collectMethodsByGroup() took 0 ms.
[INFO ] 2023-05-26 18:01:52.853 [main] Utils - [Utils] MethodGroupsHelper.sortMethods() took 0 ms.
[INFO ] 2023-05-26 18:01:52.854 [main] Utils - [Utils] MethodGroupsHelper.collectMethodsByGroup() took 0 ms.
[INFO ] 2023-05-26 18:01:52.855 [main] Utils - [Utils] MethodGroupsHelper.sortMethods() took 0 ms.
[INFO ] 2023-05-26 18:01:52.855 [main] Utils - [Utils] MethodGroupsHelper.collectMethodsByGroup() took 0 ms.
[INFO ] 2023-05-26 18:01:52.855 [main] Utils - [Utils] MethodGroupsHelper.sortMethods() took 0 ms.
[INFO ] 2023-05-26 18:01:52.856 [main] Utils - [Utils] MethodGroupsHelper.collectMethodsByGroup() took 0 ms.
[INFO ] 2023-05-26 18:01:52.857 [main] Utils - [Utils] MethodGroupsHelper.sortMethods() took 0 ms.
[INFO ] 2023-05-26 18:01:52.857 [main] Utils - [Utils] MethodGroupsHelper.collectMethodsByGroup() took 0 ms.
[INFO ] 2023-05-26 18:01:52.858 [main] Utils - [Utils] MethodGroupsHelper.sortMethods() took 0 ms.
[INFO ] 2023-05-26 18:01:52.858 [main] Utils - [Utils] MethodGroupsHelper.collectMethodsByGroup() took 0 ms.
[INFO ] 2023-05-26 18:01:52.858 [main] Utils - [Utils] MethodGroupsHelper.sortMethods() took 0 ms.
[INFO ] 2023-05-26 18:01:52.858 [main] Utils - [Utils] MethodGroupsHelper.collectMethodsByGroup() took 0 ms.
[INFO ] 2023-05-26 18:01:52.858 [main] Utils - [Utils] MethodGroupsHelper.sortMethods() took 0 ms.
[INFO ] 2023-05-26 18:01:52.859 [main] Utils - [Utils] MethodGroupsHelper.collectMethodsByGroup() took 0 ms.
[INFO ] 2023-05-26 18:01:52.859 [main] Utils - [Utils] MethodGroupsHelper.sortMethods() took 0 ms.
[INFO ] 2023-05-26 18:01:52.860 [main] Utils - [Utils] MethodGroupsHelper.collectMethodsByGroup() took 0 ms.
[INFO ] 2023-05-26 18:01:52.860 [main] Utils - [Utils] MethodGroupsHelper.sortMethods() took 0 ms.
[INFO ] 2023-05-26 18:01:52.860 [main] Utils - [Utils] MethodGroupsHelper.collectMethodsByGroup() took 0 ms.
[INFO ] 2023-05-26 18:01:52.860 [main] Utils - [Utils] MethodGroupsHelper.sortMethods() took 0 ms.
[INFO ] 2023-05-26 18:01:52.874 [main] Utils - [Utils] MethodGroupsHelper.collectMethodsByGroup() took 0 ms.
[INFO ] 2023-05-26 18:01:52.875 [main] Utils - [Utils] MethodGroupsHelper.sortMethods() took 0 ms.
[INFO ] 2023-05-26 18:01:52.876 [main] Utils - [Utils] MethodGroupsHelper.collectMethodsByGroup() took 0 ms.
[INFO ] 2023-05-26 18:01:52.876 [main] Utils - [Utils] MethodGroupsHelper.sortMethods() took 0 ms.
[INFO ] 2023-05-26 18:01:52.876 [main] Utils - [Utils] MethodGroupsHelper.collectMethodsByGroup() took 0 ms.
[INFO ] 2023-05-26 18:01:52.877 [main] Utils - [Utils] MethodGroupsHelper.sortMethods() took 0 ms.
[INFO ] 2023-05-26 18:01:52.877 [main] Utils - [Utils] MethodGroupsHelper.collectMethodsByGroup() took 0 ms.
[INFO ] 2023-05-26 18:01:52.878 [main] Utils - [Utils] MethodGroupsHelper.sortMethods() took 0 ms.
[INFO ] 2023-05-26 18:01:52.878 [main] Utils - [Utils] MethodGroupsHelper.collectMethodsByGroup() took 0 ms.
[INFO ] 2023-05-26 18:01:52.879 [main] Utils - [Utils] MethodGroupsHelper.sortMethods() took 0 ms.
[INFO ] 2023-05-26 18:01:52.879 [main] Utils - [Utils] MethodGroupsHelper.collectMethodsByGroup() took 0 ms.
[INFO ] 2023-05-26 18:01:52.880 [main] Utils - [Utils] MethodGroupsHelper.sortMethods() took 0 ms.
[INFO ] 2023-05-26 18:01:52.880 [main] Utils - [Utils] MethodGroupsHelper.collectMethodsByGroup() took 0 ms.
[INFO ] 2023-05-26 18:01:52.881 [main] Utils - [Utils] MethodGroupsHelper.sortMethods() took 0 ms.
[INFO ] 2023-05-26 18:01:52.881 [main] Utils - [Utils] MethodGroupsHelper.collectMethodsByGroup() took 0 ms.
[INFO ] 2023-05-26 18:01:52.881 [main] Utils - [Utils] MethodGroupsHelper.sortMethods() took 0 ms.
[INFO ] 2023-05-26 18:01:52.882 [main] Utils - [Utils] MethodGroupsHelper.collectMethodsByGroup() took 0 ms.
[INFO ] 2023-05-26 18:01:52.882 [main] Utils - [Utils] MethodGroupsHelper.sortMethods() took 0 ms.
[INFO ] 2023-05-26 18:01:52.883 [main] Utils - [Utils] MethodGroupsHelper.collectMethodsByGroup() took 0 ms.
[INFO ] 2023-05-26 18:01:52.883 [main] Utils - [Utils] MethodGroupsHelper.sortMethods() took 0 ms.
[INFO ] 2023-05-26 18:01:52.883 [main] Utils - [Utils] MethodGroupsHelper.collectMethodsByGroup() took 0 ms.
[INFO ] 2023-05-26 18:01:52.884 [main] Utils - [Utils] MethodGroupsHelper.sortMethods() took 0 ms.
[INFO ] 2023-05-26 18:01:52.884 [main] Utils - [Utils] MethodGroupsHelper.collectMethodsByGroup() took 0 ms.
[INFO ] 2023-05-26 18:01:52.884 [main] Utils - [Utils] MethodGroupsHelper.sortMethods() took 0 ms.
[INFO ] 2023-05-26 18:01:52.885 [main] Utils - [Utils] MethodGroupsHelper.collectMethodsByGroup() took 0 ms.
[INFO ] 2023-05-26 18:01:52.885 [main] Utils - [Utils] MethodGroupsHelper.sortMethods() took 0 ms.
[INFO ] 2023-05-26 18:01:52.885 [main] Utils - [Utils] MethodGroupsHelper.collectMethodsByGroup() took 0 ms.
[INFO ] 2023-05-26 18:01:52.885 [main] Utils - [Utils] MethodGroupsHelper.sortMethods() took 0 ms.
[INFO ] 2023-05-26 18:01:52.886 [main] Utils - [Utils] MethodGroupsHelper.collectMethodsByGroup() took 0 ms.
[INFO ] 2023-05-26 18:01:52.886 [main] Utils - [Utils] MethodGroupsHelper.sortMethods() took 0 ms.
[INFO ] 2023-05-26 18:01:52.891 [main] Utils - [Utils] MethodGroupsHelper.collectMethodsByGroup() took 0 ms.
[INFO ] 2023-05-26 18:01:52.891 [main] Utils - [Utils] MethodGroupsHelper.sortMethods() took 0 ms.
[INFO ] 2023-05-26 18:01:52.891 [main] Utils - [Utils] MethodGroupsHelper.collectMethodsByGroup() took 0 ms.
[INFO ] 2023-05-26 18:01:52.892 [main] Utils - [Utils] MethodGroupsHelper.sortMethods() took 0 ms.
[INFO ] 2023-05-26 18:01:52.892 [main] Utils - [Utils] MethodGroupsHelper.collectMethodsByGroup() took 0 ms.
[INFO ] 2023-05-26 18:01:52.892 [main] Utils - [Utils] MethodGroupsHelper.sortMethods() took 0 ms.
[INFO ] 2023-05-26 18:01:52.893 [main] Utils - [Utils] MethodGroupsHelper.collectMethodsByGroup() took 0 ms.
[INFO ] 2023-05-26 18:01:52.893 [main] Utils - [Utils] MethodGroupsHelper.sortMethods() took 0 ms.
[INFO ] 2023-05-26 18:01:52.893 [main] Utils - [Utils] MethodGroupsHelper.collectMethodsByGroup() took 0 ms.
[INFO ] 2023-05-26 18:01:52.894 [main] Utils - [Utils] MethodGroupsHelper.sortMethods() took 0 ms.
[INFO ] 2023-05-26 18:01:52.894 [main] Utils - [Utils] MethodGroupsHelper.collectMethodsByGroup() took 0 ms.
[INFO ] 2023-05-26 18:01:52.895 [main] Utils - [Utils] MethodGroupsHelper.sortMethods() took 0 ms.
[INFO ] 2023-05-26 18:01:52.895 [main] Utils - [Utils] MethodGroupsHelper.collectMethodsByGroup() took 0 ms.
[INFO ] 2023-05-26 18:01:52.895 [main] Utils - [Utils] MethodGroupsHelper.sortMethods() took 0 ms.
[INFO ] 2023-05-26 18:01:52.896 [main] Utils - [Utils] MethodGroupsHelper.collectMethodsByGroup() took 0 ms.
[INFO ] 2023-05-26 18:01:52.896 [main] Utils - [Utils] MethodGroupsHelper.sortMethods() took 0 ms.
[INFO ] 2023-05-26 18:01:52.897 [main] Utils - [Utils] MethodGroupsHelper.collectMethodsByGroup() took 0 ms.
[INFO ] 2023-05-26 18:01:52.897 [main] Utils - [Utils] MethodGroupsHelper.sortMethods() took 0 ms.
[INFO ] 2023-05-26 18:01:52.897 [main] Utils - [Utils] MethodGroupsHelper.collectMethodsByGroup() took 0 ms.
[INFO ] 2023-05-26 18:01:52.898 [main] Utils - [Utils] MethodGroupsHelper.sortMethods() took 0 ms.
[INFO ] 2023-05-26 18:01:52.898 [main] Utils - [Utils] MethodGroupsHelper.collectMethodsByGroup() took 0 ms.
[INFO ] 2023-05-26 18:01:52.898 [main] Utils - [Utils] MethodGroupsHelper.sortMethods() took 0 ms.
[INFO ] 2023-05-26 18:01:52.898 [main] Utils - [Utils] MethodGroupsHelper.collectMethodsByGroup() took 0 ms.
[INFO ] 2023-05-26 18:01:52.898 [main] Utils - [Utils] MethodGroupsHelper.sortMethods() took 0 ms.
[INFO ] 2023-05-26 18:01:52.899 [main] Utils - [Utils] MethodGroupsHelper.collectMethodsByGroup() took 0 ms.
[INFO ] 2023-05-26 18:01:52.899 [main] Utils - [Utils] MethodGroupsHelper.sortMethods() took 0 ms.
[INFO ] 2023-05-26 18:01:52.899 [main] Utils - [Utils] MethodGroupsHelper.collectMethodsByGroup() took 0 ms.
[INFO ] 2023-05-26 18:01:52.899 [main] Utils - [Utils] MethodGroupsHelper.sortMethods() took 0 ms.
[INFO ] 2023-05-26 18:01:52.899 [main] Utils - [Utils] MethodGroupsHelper.collectMethodsByGroup() took 0 ms.
[INFO ] 2023-05-26 18:01:52.899 [main] Utils - [Utils] MethodGroupsHelper.sortMethods() took 0 ms.
[INFO ] 2023-05-26 18:01:52.923 [main] Utils - [Utils] DynamicGraphHelper.createDynamicGraph() took 4 ms.
[INFO ] 2023-05-26 18:01:52.964 [main] AppiumCommonUtils - SuperBaseclass: Setup() is Start
[INFO ] 2023-05-26 18:01:52.965 [main] AppiumCommonUtils - Properties file is loaded by setupPropertiesLoad()
[INFO ] 2023-05-26 18:01:52.966 [main] AppiumCommonUtils - startAppiumServer() method is call
[ERROR] 2023-05-26 18:01:53.017 [main] AppiumCommonUtils - ***** Appium server is not started : The invalid IP address $ipaddress is defined
[INFO ] 2023-05-26 18:01:53.017 [main] AppiumCommonUtils - Set APK file name is:- General-Store
[INFO ] 2023-05-26 18:01:53.017 [main] AppiumCommonUtils - getCapabilities() method is call
[ERROR] 2023-05-26 18:01:54.182 [main] AppiumCommonUtils - ***** Capabilities not get, check device adb connection:- null
[ERROR] 2023-05-26 18:01:54.247 [main] AppiumCommonUtils - ***** SuperBaseclass: Setup() is not run..null
[INFO ] 2023-05-26 18:01:54.262 [main] AppiumCommonUtils - BeforeMethod() start
[INFO ] 2023-05-26 18:01:54.386 [main] AppiumCommonUtils - get Package before start activity:com.androidsample.generalstore
[INFO ] 2023-05-26 18:01:54.387 [main] AppiumCommonUtils - get Package before start activity:com.androidsample.generalstore.SplashActivity
[INFO ] 2023-05-26 18:01:54.406 [main] AppiumCommonUtils - Teardown() is start
[ERROR] 2023-05-26 18:01:54.406 [main] AppiumCommonUtils - Appium server is not closing:- null
[INFO ] 2023-05-26 18:01:54.824 [main] Utils - [Utils] DynamicGraphHelper.createDynamicGraph() took 0 ms.
[INFO ] 2023-05-26 18:01:54.826 [main] AppiumCommonUtils - SuperBaseclass: Setup() is Start
[INFO ] 2023-05-26 18:01:54.827 [main] AppiumCommonUtils - Properties file is loaded by setupPropertiesLoad()
[INFO ] 2023-05-26 18:01:54.827 [main] AppiumCommonUtils - startAppiumServer() method is call
[ERROR] 2023-05-26 18:01:54.830 [main] AppiumCommonUtils - ***** Appium server is not started : The invalid IP address $ipaddress is defined
[INFO ] 2023-05-26 18:01:54.831 [main] AppiumCommonUtils - Set APK file name is:- General-Store
[INFO ] 2023-05-26 18:01:54.831 [main] AppiumCommonUtils - getCapabilities() method is call
[ERROR] 2023-05-26 18:01:54.899 [main] AppiumCommonUtils - ***** Capabilities not get, check device adb connection:- null
[ERROR] 2023-05-26 18:01:54.900 [main] AppiumCommonUtils - ***** SuperBaseclass: Setup() is not run..null
[INFO ] 2023-05-26 18:01:54.902 [main] AppiumCommonUtils - BeforeMethod() start
[INFO ] 2023-05-26 18:01:54.904 [main] AppiumCommonUtils - get Package before start activity:com.androidsample.generalstore
[INFO ] 2023-05-26 18:01:54.904 [main] AppiumCommonUtils - get Package before start activity:com.androidsample.generalstore.SplashActivity
[INFO ] 2023-05-26 18:01:54.906 [main] AppiumCommonUtils - Teardown() is start
[ERROR] 2023-05-26 18:01:54.906 [main] AppiumCommonUtils - Appium server is not closing:- null
[INFO ] 2023-05-26 18:01:54.930 [main] Utils - [Utils] DynamicGraphHelper.createDynamicGraph() took 1 ms.
[INFO ] 2023-05-26 18:01:54.930 [main] AppiumCommonUtils - SuperBaseclass: Setup() is Start
[INFO ] 2023-05-26 18:01:54.931 [main] AppiumCommonUtils - Properties file is loaded by setupPropertiesLoad()
[INFO ] 2023-05-26 18:01:54.931 [main] AppiumCommonUtils - startAppiumServer() method is call
[ERROR] 2023-05-26 18:01:54.936 [main] AppiumCommonUtils - ***** Appium server is not started : The invalid IP address $ipaddress is defined
[INFO ] 2023-05-26 18:01:54.936 [main] AppiumCommonUtils - Set APK file name is:- General-Store
[INFO ] 2023-05-26 18:01:54.937 [main] AppiumCommonUtils - getCapabilities() method is call
[ERROR] 2023-05-26 18:01:54.985 [main] AppiumCommonUtils - ***** Capabilities not get, check device adb connection:- null
[ERROR] 2023-05-26 18:01:54.986 [main] AppiumCommonUtils - ***** SuperBaseclass: Setup() is not run..null
[INFO ] 2023-05-26 18:01:54.992 [main] AppiumCommonUtils - BeforeMethod() start
[INFO ] 2023-05-26 18:01:54.993 [main] AppiumCommonUtils - get Package before start activity:com.androidsample.generalstore
[INFO ] 2023-05-26 18:01:54.993 [main] AppiumCommonUtils - get Package before start activity:com.androidsample.generalstore.SplashActivity
[INFO ] 2023-05-26 18:01:54.996 [main] AppiumCommonUtils - Teardown() is start
[ERROR] 2023-05-26 18:01:54.997 [main] AppiumCommonUtils - Appium server is not closing:- null
[INFO ] 2023-05-26 18:01:55.019 [main] Utils - [Utils] DynamicGraphHelper.createDynamicGraph() took 0 ms.
[INFO ] 2023-05-26 18:01:55.062 [main] Utils - [TestNG] Time taken by org.testng.internal.ExitCodeListener@2bc378f7: 0 ms
[INFO ] 2023-05-26 18:01:55.109 [main] Utils - [TestNG] Time taken by org.testng.reporters.SuiteHTMLReporter@34780cd9: 47 ms
[ERROR] 2023-05-26 18:01:55.162 [main] Main - C:\Users\Achal Trivedi\IdeaProjects\AppiumFrameworkDesign\target\surefire-reports\jquery-3.6.0.min.js
java.nio.file.FileAlreadyExistsException: C:\Users\Achal Trivedi\IdeaProjects\AppiumFrameworkDesign\target\surefire-reports\jquery-3.6.0.min.js
	at sun.nio.fs.WindowsException.translateToIOException(WindowsException.java:87) ~[?:?]
	at sun.nio.fs.WindowsException.rethrowAsIOException(WindowsException.java:103) ~[?:?]
	at sun.nio.fs.WindowsException.rethrowAsIOException(WindowsException.java:108) ~[?:?]
	at sun.nio.fs.WindowsFileSystemProvider.newByteChannel(WindowsFileSystemProvider.java:235) ~[?:?]
	at java.nio.file.spi.FileSystemProvider.newOutputStream(FileSystemProvider.java:478) ~[?:?]
	at java.nio.file.Files.newOutputStream(Files.java:220) ~[?:?]
	at java.nio.file.Files.copy(Files.java:3067) ~[?:?]
	at org.testng.reporters.jq.Main.generateReport(Main.java:95) [testng-7.6.1.jar:7.6.1]
	at org.testng.TestNG.generateReports(TestNG.java:1134) [testng-7.6.1.jar:7.6.1]
	at org.testng.TestNG.run(TestNG.java:1072) [testng-7.6.1.jar:7.6.1]
	at org.apache.maven.surefire.testng.TestNGExecutor.run(TestNGExecutor.java:308) [surefire-testng-3.0.0.jar:3.0.0]
	at org.apache.maven.surefire.testng.TestNGXmlTestSuite.execute(TestNGXmlTestSuite.java:71) [surefire-testng-3.0.0.jar:3.0.0]
	at org.apache.maven.surefire.testng.TestNGProvider.invoke(TestNGProvider.java:113) [surefire-testng-3.0.0.jar:3.0.0]
	at org.apache.maven.surefire.booter.ForkedBooter.runSuitesInProcess(ForkedBooter.java:385) [surefire-booter-3.0.0.jar:3.0.0]
	at org.apache.maven.surefire.booter.ForkedBooter.execute(ForkedBooter.java:162) [surefire-booter-3.0.0.jar:3.0.0]
	at org.apache.maven.surefire.booter.ForkedBooter.run(ForkedBooter.java:507) [surefire-booter-3.0.0.jar:3.0.0]
	at org.apache.maven.surefire.booter.ForkedBooter.main(ForkedBooter.java:495) [surefire-booter-3.0.0.jar:3.0.0]
[INFO ] 2023-05-26 18:01:55.182 [main] Utils - [TestNG] Time taken by org.testng.reporters.jq.Main@2373ad99: 73 ms
[INFO ] 2023-05-26 18:01:55.198 [main] Utils - [TestNG] Time taken by org.testng.reporters.FailedReporter@177515d1: 15 ms
[INFO ] 2023-05-26 18:01:55.214 [main] Utils - [TestNG] Time taken by org.testng.reporters.XMLReporter@737d100a: 14 ms
[INFO ] 2023-05-26 18:01:55.227 [main] Utils - [TestNG] Time taken by org.testng.reporters.EmailableReporter2@4601203a: 12 ms
[INFO ] 2023-05-26 18:01:55.251 [main] Utils - [TestNG] Time taken by org.testng.reporters.JUnitReportReporter@57435801: 24 ms
