[INFO ] 2023-05-18 18:02:04.564 [main] Utils - [Utils] MethodGroupsHelper.collectMethodsByGroup() took 0 ms.
[INFO ] 2023-05-18 18:02:04.579 [main] Utils - [Utils] MethodGroupsHelper.sortMethods() took 2 ms.
[INFO ] 2023-05-18 18:02:04.581 [main] Utils - [Utils] MethodGroupsHelper.collectMethodsByGroup() took 0 ms.
[INFO ] 2023-05-18 18:02:04.582 [main] Utils - [Utils] MethodGroupsHelper.sortMethods() took 0 ms.
[INFO ] 2023-05-18 18:02:04.583 [main] Utils - [Utils] MethodGroupsHelper.collectMethodsByGroup() took 0 ms.
[INFO ] 2023-05-18 18:02:04.583 [main] Utils - [Utils] MethodGroupsHelper.sortMethods() took 0 ms.
[INFO ] 2023-05-18 18:02:04.584 [main] Utils - [Utils] MethodGroupsHelper.collectMethodsByGroup() took 0 ms.
[INFO ] 2023-05-18 18:02:04.584 [main] Utils - [Utils] MethodGroupsHelper.sortMethods() took 0 ms.
[INFO ] 2023-05-18 18:02:04.586 [main] Utils - [Utils] MethodGroupsHelper.collectMethodsByGroup() took 0 ms.
[INFO ] 2023-05-18 18:02:04.602 [main] Utils - [Utils] MethodGroupsHelper.sortMethods() took 15 ms.
[INFO ] 2023-05-18 18:02:04.604 [main] Utils - [Utils] MethodGroupsHelper.collectMethodsByGroup() took 0 ms.
[INFO ] 2023-05-18 18:02:04.607 [main] Utils - [Utils] MethodGroupsHelper.sortMethods() took 1 ms.
[INFO ] 2023-05-18 18:02:04.608 [main] Utils - [Utils] MethodGroupsHelper.collectMethodsByGroup() took 0 ms.
[INFO ] 2023-05-18 18:02:04.608 [main] Utils - [Utils] MethodGroupsHelper.sortMethods() took 0 ms.
[INFO ] 2023-05-18 18:02:04.609 [main] Utils - [Utils] MethodGroupsHelper.collectMethodsByGroup() took 0 ms.
[INFO ] 2023-05-18 18:02:04.609 [main] Utils - [Utils] MethodGroupsHelper.sortMethods() took 0 ms.
[INFO ] 2023-05-18 18:02:04.613 [main] Utils - [Utils] MethodGroupsHelper.collectMethodsByGroup() took 0 ms.
[INFO ] 2023-05-18 18:02:04.614 [main] Utils - [Utils] MethodGroupsHelper.sortMethods() took 0 ms.
[INFO ] 2023-05-18 18:02:04.615 [main] Utils - [Utils] MethodGroupsHelper.collectMethodsByGroup() took 0 ms.
[INFO ] 2023-05-18 18:02:04.615 [main] Utils - [Utils] MethodGroupsHelper.sortMethods() took 0 ms.
[INFO ] 2023-05-18 18:02:04.617 [main] Utils - [Utils] MethodGroupsHelper.collectMethodsByGroup() took 0 ms.
[INFO ] 2023-05-18 18:02:04.617 [main] Utils - [Utils] MethodGroupsHelper.sortMethods() took 0 ms.
[INFO ] 2023-05-18 18:02:04.617 [main] Utils - [Utils] MethodGroupsHelper.collectMethodsByGroup() took 0 ms.
[INFO ] 2023-05-18 18:02:04.617 [main] Utils - [Utils] MethodGroupsHelper.sortMethods() took 0 ms.
[INFO ] 2023-05-18 18:02:04.635 [main] Utils - [Utils] MethodGroupsHelper.collectMethodsByGroup() took 16 ms.
[INFO ] 2023-05-18 18:02:04.636 [main] Utils - [Utils] MethodGroupsHelper.sortMethods() took 0 ms.
[INFO ] 2023-05-18 18:02:04.638 [main] Utils - [Utils] MethodGroupsHelper.collectMethodsByGroup() took 0 ms.
[INFO ] 2023-05-18 18:02:04.638 [main] Utils - [Utils] MethodGroupsHelper.sortMethods() took 0 ms.
[INFO ] 2023-05-18 18:02:04.639 [main] Utils - [Utils] MethodGroupsHelper.collectMethodsByGroup() took 0 ms.
[INFO ] 2023-05-18 18:02:04.639 [main] Utils - [Utils] MethodGroupsHelper.sortMethods() took 0 ms.
[INFO ] 2023-05-18 18:02:04.664 [main] Utils - [Utils] MethodGroupsHelper.collectMethodsByGroup() took 0 ms.
[INFO ] 2023-05-18 18:02:04.666 [main] Utils - [Utils] MethodGroupsHelper.sortMethods() took 0 ms.
[INFO ] 2023-05-18 18:02:04.670 [main] Utils - [Utils] MethodGroupsHelper.collectMethodsByGroup() took 0 ms.
[INFO ] 2023-05-18 18:02:04.670 [main] Utils - [Utils] MethodGroupsHelper.sortMethods() took 0 ms.
[INFO ] 2023-05-18 18:02:04.674 [main] Utils - [Utils] MethodGroupsHelper.collectMethodsByGroup() took 0 ms.
[INFO ] 2023-05-18 18:02:04.675 [main] Utils - [Utils] MethodGroupsHelper.sortMethods() took 0 ms.
[INFO ] 2023-05-18 18:02:04.676 [main] Utils - [Utils] MethodGroupsHelper.collectMethodsByGroup() took 0 ms.
[INFO ] 2023-05-18 18:02:04.676 [main] Utils - [Utils] MethodGroupsHelper.sortMethods() took 0 ms.
[INFO ] 2023-05-18 18:02:04.678 [main] Utils - [Utils] MethodGroupsHelper.collectMethodsByGroup() took 0 ms.
[INFO ] 2023-05-18 18:02:04.678 [main] Utils - [Utils] MethodGroupsHelper.sortMethods() took 0 ms.
[INFO ] 2023-05-18 18:02:04.679 [main] Utils - [Utils] MethodGroupsHelper.collectMethodsByGroup() took 0 ms.
[INFO ] 2023-05-18 18:02:04.680 [main] Utils - [Utils] MethodGroupsHelper.sortMethods() took 0 ms.
[INFO ] 2023-05-18 18:02:04.681 [main] Utils - [Utils] MethodGroupsHelper.collectMethodsByGroup() took 0 ms.
[INFO ] 2023-05-18 18:02:04.681 [main] Utils - [Utils] MethodGroupsHelper.sortMethods() took 0 ms.
[INFO ] 2023-05-18 18:02:04.682 [main] Utils - [Utils] MethodGroupsHelper.collectMethodsByGroup() took 0 ms.
[INFO ] 2023-05-18 18:02:04.682 [main] Utils - [Utils] MethodGroupsHelper.sortMethods() took 0 ms.
[INFO ] 2023-05-18 18:02:04.683 [main] Utils - [Utils] MethodGroupsHelper.collectMethodsByGroup() took 0 ms.
[INFO ] 2023-05-18 18:02:04.683 [main] Utils - [Utils] MethodGroupsHelper.sortMethods() took 0 ms.
[INFO ] 2023-05-18 18:02:04.684 [main] Utils - [Utils] MethodGroupsHelper.collectMethodsByGroup() took 0 ms.
[INFO ] 2023-05-18 18:02:04.684 [main] Utils - [Utils] MethodGroupsHelper.sortMethods() took 0 ms.
[INFO ] 2023-05-18 18:02:04.684 [main] Utils - [Utils] MethodGroupsHelper.collectMethodsByGroup() took 0 ms.
[INFO ] 2023-05-18 18:02:04.684 [main] Utils - [Utils] MethodGroupsHelper.sortMethods() took 0 ms.
[INFO ] 2023-05-18 18:02:04.684 [main] Utils - [Utils] MethodGroupsHelper.collectMethodsByGroup() took 0 ms.
[INFO ] 2023-05-18 18:02:04.685 [main] Utils - [Utils] MethodGroupsHelper.sortMethods() took 0 ms.
[INFO ] 2023-05-18 18:02:04.685 [main] Utils - [Utils] MethodGroupsHelper.collectMethodsByGroup() took 0 ms.
[INFO ] 2023-05-18 18:02:04.686 [main] Utils - [Utils] MethodGroupsHelper.sortMethods() took 0 ms.
[INFO ] 2023-05-18 18:02:04.686 [main] Utils - [Utils] MethodGroupsHelper.collectMethodsByGroup() took 0 ms.
[INFO ] 2023-05-18 18:02:04.686 [main] Utils - [Utils] MethodGroupsHelper.sortMethods() took 0 ms.
[INFO ] 2023-05-18 18:02:04.686 [main] Utils - [Utils] MethodGroupsHelper.collectMethodsByGroup() took 0 ms.
[INFO ] 2023-05-18 18:02:04.686 [main] Utils - [Utils] MethodGroupsHelper.sortMethods() took 0 ms.
[INFO ] 2023-05-18 18:02:04.701 [main] Utils - [Utils] MethodGroupsHelper.collectMethodsByGroup() took 0 ms.
[INFO ] 2023-05-18 18:02:04.701 [main] Utils - [Utils] MethodGroupsHelper.sortMethods() took 0 ms.
[INFO ] 2023-05-18 18:02:04.702 [main] Utils - [Utils] MethodGroupsHelper.collectMethodsByGroup() took 0 ms.
[INFO ] 2023-05-18 18:02:04.702 [main] Utils - [Utils] MethodGroupsHelper.sortMethods() took 0 ms.
[INFO ] 2023-05-18 18:02:04.702 [main] Utils - [Utils] MethodGroupsHelper.collectMethodsByGroup() took 0 ms.
[INFO ] 2023-05-18 18:02:04.702 [main] Utils - [Utils] MethodGroupsHelper.sortMethods() took 0 ms.
[INFO ] 2023-05-18 18:02:04.703 [main] Utils - [Utils] MethodGroupsHelper.collectMethodsByGroup() took 0 ms.
[INFO ] 2023-05-18 18:02:04.703 [main] Utils - [Utils] MethodGroupsHelper.sortMethods() took 0 ms.
[INFO ] 2023-05-18 18:02:04.703 [main] Utils - [Utils] MethodGroupsHelper.collectMethodsByGroup() took 0 ms.
[INFO ] 2023-05-18 18:02:04.704 [main] Utils - [Utils] MethodGroupsHelper.sortMethods() took 0 ms.
[INFO ] 2023-05-18 18:02:04.705 [main] Utils - [Utils] MethodGroupsHelper.collectMethodsByGroup() took 0 ms.
[INFO ] 2023-05-18 18:02:04.705 [main] Utils - [Utils] MethodGroupsHelper.sortMethods() took 0 ms.
[INFO ] 2023-05-18 18:02:04.706 [main] Utils - [Utils] MethodGroupsHelper.collectMethodsByGroup() took 0 ms.
[INFO ] 2023-05-18 18:02:04.706 [main] Utils - [Utils] MethodGroupsHelper.sortMethods() took 0 ms.
[INFO ] 2023-05-18 18:02:04.707 [main] Utils - [Utils] MethodGroupsHelper.collectMethodsByGroup() took 0 ms.
[INFO ] 2023-05-18 18:02:04.707 [main] Utils - [Utils] MethodGroupsHelper.sortMethods() took 0 ms.
[INFO ] 2023-05-18 18:02:04.709 [main] Utils - [Utils] MethodGroupsHelper.collectMethodsByGroup() took 0 ms.
[INFO ] 2023-05-18 18:02:04.710 [main] Utils - [Utils] MethodGroupsHelper.sortMethods() took 0 ms.
[INFO ] 2023-05-18 18:02:04.711 [main] Utils - [Utils] MethodGroupsHelper.collectMethodsByGroup() took 0 ms.
[INFO ] 2023-05-18 18:02:04.711 [main] Utils - [Utils] MethodGroupsHelper.sortMethods() took 0 ms.
[INFO ] 2023-05-18 18:02:04.711 [main] Utils - [Utils] MethodGroupsHelper.collectMethodsByGroup() took 0 ms.
[INFO ] 2023-05-18 18:02:04.711 [main] Utils - [Utils] MethodGroupsHelper.sortMethods() took 0 ms.
[INFO ] 2023-05-18 18:02:04.712 [main] Utils - [Utils] MethodGroupsHelper.collectMethodsByGroup() took 0 ms.
[INFO ] 2023-05-18 18:02:04.712 [main] Utils - [Utils] MethodGroupsHelper.sortMethods() took 0 ms.
[INFO ] 2023-05-18 18:02:04.712 [main] Utils - [Utils] MethodGroupsHelper.collectMethodsByGroup() took 0 ms.
[INFO ] 2023-05-18 18:02:04.712 [main] Utils - [Utils] MethodGroupsHelper.sortMethods() took 0 ms.
[INFO ] 2023-05-18 18:02:04.713 [main] Utils - [Utils] MethodGroupsHelper.collectMethodsByGroup() took 0 ms.
[INFO ] 2023-05-18 18:02:04.713 [main] Utils - [Utils] MethodGroupsHelper.sortMethods() took 0 ms.
[INFO ] 2023-05-18 18:02:04.713 [main] Utils - [Utils] MethodGroupsHelper.collectMethodsByGroup() took 0 ms.
[INFO ] 2023-05-18 18:02:04.713 [main] Utils - [Utils] MethodGroupsHelper.sortMethods() took 0 ms.
[INFO ] 2023-05-18 18:02:04.717 [main] Utils - [Utils] MethodGroupsHelper.collectMethodsByGroup() took 0 ms.
[INFO ] 2023-05-18 18:02:04.718 [main] Utils - [Utils] MethodGroupsHelper.sortMethods() took 0 ms.
[INFO ] 2023-05-18 18:02:04.718 [main] Utils - [Utils] MethodGroupsHelper.collectMethodsByGroup() took 0 ms.
[INFO ] 2023-05-18 18:02:04.718 [main] Utils - [Utils] MethodGroupsHelper.sortMethods() took 0 ms.
[INFO ] 2023-05-18 18:02:04.718 [main] Utils - [Utils] MethodGroupsHelper.collectMethodsByGroup() took 0 ms.
[INFO ] 2023-05-18 18:02:04.719 [main] Utils - [Utils] MethodGroupsHelper.sortMethods() took 0 ms.
[INFO ] 2023-05-18 18:02:04.719 [main] Utils - [Utils] MethodGroupsHelper.collectMethodsByGroup() took 0 ms.
[INFO ] 2023-05-18 18:02:04.719 [main] Utils - [Utils] MethodGroupsHelper.sortMethods() took 0 ms.
[INFO ] 2023-05-18 18:02:04.719 [main] Utils - [Utils] MethodGroupsHelper.collectMethodsByGroup() took 0 ms.
[INFO ] 2023-05-18 18:02:04.720 [main] Utils - [Utils] MethodGroupsHelper.sortMethods() took 0 ms.
[INFO ] 2023-05-18 18:02:04.721 [main] Utils - [Utils] MethodGroupsHelper.collectMethodsByGroup() took 1 ms.
[INFO ] 2023-05-18 18:02:04.721 [main] Utils - [Utils] MethodGroupsHelper.sortMethods() took 0 ms.
[INFO ] 2023-05-18 18:02:04.721 [main] Utils - [Utils] MethodGroupsHelper.collectMethodsByGroup() took 0 ms.
[INFO ] 2023-05-18 18:02:04.721 [main] Utils - [Utils] MethodGroupsHelper.sortMethods() took 0 ms.
[INFO ] 2023-05-18 18:02:04.722 [main] Utils - [Utils] MethodGroupsHelper.collectMethodsByGroup() took 0 ms.
[INFO ] 2023-05-18 18:02:04.722 [main] Utils - [Utils] MethodGroupsHelper.sortMethods() took 0 ms.
[INFO ] 2023-05-18 18:02:04.722 [main] Utils - [Utils] MethodGroupsHelper.collectMethodsByGroup() took 0 ms.
[INFO ] 2023-05-18 18:02:04.723 [main] Utils - [Utils] MethodGroupsHelper.sortMethods() took 0 ms.
[INFO ] 2023-05-18 18:02:04.724 [main] Utils - [Utils] MethodGroupsHelper.collectMethodsByGroup() took 0 ms.
[INFO ] 2023-05-18 18:02:04.724 [main] Utils - [Utils] MethodGroupsHelper.sortMethods() took 0 ms.
[INFO ] 2023-05-18 18:02:04.724 [main] Utils - [Utils] MethodGroupsHelper.collectMethodsByGroup() took 0 ms.
[INFO ] 2023-05-18 18:02:04.724 [main] Utils - [Utils] MethodGroupsHelper.sortMethods() took 0 ms.
[INFO ] 2023-05-18 18:02:04.724 [main] Utils - [Utils] MethodGroupsHelper.collectMethodsByGroup() took 0 ms.
[INFO ] 2023-05-18 18:02:04.724 [main] Utils - [Utils] MethodGroupsHelper.sortMethods() took 0 ms.
[INFO ] 2023-05-18 18:02:04.725 [main] Utils - [Utils] MethodGroupsHelper.collectMethodsByGroup() took 0 ms.
[INFO ] 2023-05-18 18:02:04.725 [main] Utils - [Utils] MethodGroupsHelper.sortMethods() took 0 ms.
[INFO ] 2023-05-18 18:02:04.725 [main] Utils - [Utils] MethodGroupsHelper.collectMethodsByGroup() took 0 ms.
[INFO ] 2023-05-18 18:02:04.725 [main] Utils - [Utils] MethodGroupsHelper.sortMethods() took 0 ms.
[INFO ] 2023-05-18 18:02:04.725 [main] Utils - [Utils] MethodGroupsHelper.collectMethodsByGroup() took 0 ms.
[INFO ] 2023-05-18 18:02:04.726 [main] Utils - [Utils] MethodGroupsHelper.sortMethods() took 0 ms.
[INFO ] 2023-05-18 18:02:04.748 [main] Utils - [Utils] DynamicGraphHelper.createDynamicGraph() took 5 ms.
[ERROR] 2023-05-18 18:02:04.778 [main] AppiumCommonUtils - SuperBaseclass: Setup() is Start
[FATAL] 2023-05-18 18:02:04.778 [main] AppiumCommonUtils - fatal message
[WARN ] 2023-05-18 18:02:04.778 [main] AppiumCommonUtils - warn message
[INFO ] 2023-05-18 18:02:04.779 [main] AppiumCommonUtils - Properties file is loaded by setupPropertiesLoad()
[INFO ] 2023-05-18 18:02:04.779 [main] AppiumCommonUtils - startAppiumServer() method is call
[ERROR] 2023-05-18 18:02:04.862 [main] AppiumCommonUtils - ***** Appium server is not started : The invalid IP address $ipaddress is defined
[INFO ] 2023-05-18 18:02:04.862 [main] AppiumCommonUtils - Set APK file name is:- General-Store
[INFO ] 2023-05-18 18:02:04.862 [main] AppiumCommonUtils - getCapabilities() method is call
[ERROR] 2023-05-18 18:02:08.172 [main] AppiumCommonUtils - ***** Capabilities not get, check device adb connection:- null
[ERROR] 2023-05-18 18:02:08.246 [main] AppiumCommonUtils - ***** SuperBaseclass: Setup() is not run..null
[INFO ] 2023-05-18 18:02:08.265 [main] AppiumCommonUtils - BeforeMethod() start
[INFO ] 2023-05-18 18:02:08.412 [main] AppiumCommonUtils - get Package before start activity:com.androidsample.generalstore
[INFO ] 2023-05-18 18:02:08.412 [main] AppiumCommonUtils - get Package before start activity:com.androidsample.generalstore.SplashActivity
[INFO ] 2023-05-18 18:02:08.440 [main] AppiumCommonUtils - Teardown is start
[ERROR] 2023-05-18 18:02:08.441 [main] AppiumCommonUtils - Appium server is not closing:- null
[INFO ] 2023-05-18 18:02:08.913 [main] Utils - [Utils] DynamicGraphHelper.createDynamicGraph() took 0 ms.
[ERROR] 2023-05-18 18:02:08.914 [main] AppiumCommonUtils - SuperBaseclass: Setup() is Start
[FATAL] 2023-05-18 18:02:08.914 [main] AppiumCommonUtils - fatal message
[WARN ] 2023-05-18 18:02:08.914 [main] AppiumCommonUtils - warn message
[INFO ] 2023-05-18 18:02:08.915 [main] AppiumCommonUtils - Properties file is loaded by setupPropertiesLoad()
[INFO ] 2023-05-18 18:02:08.915 [main] AppiumCommonUtils - startAppiumServer() method is call
[ERROR] 2023-05-18 18:02:08.917 [main] AppiumCommonUtils - ***** Appium server is not started : The invalid IP address $ipaddress is defined
[INFO ] 2023-05-18 18:02:08.917 [main] AppiumCommonUtils - Set APK file name is:- General-Store
[INFO ] 2023-05-18 18:02:08.918 [main] AppiumCommonUtils - getCapabilities() method is call
[ERROR] 2023-05-18 18:02:08.959 [main] AppiumCommonUtils - ***** Capabilities not get, check device adb connection:- null
[ERROR] 2023-05-18 18:02:08.961 [main] AppiumCommonUtils - ***** SuperBaseclass: Setup() is not run..null
[INFO ] 2023-05-18 18:02:08.963 [main] AppiumCommonUtils - BeforeMethod() start
[INFO ] 2023-05-18 18:02:08.965 [main] AppiumCommonUtils - get Package before start activity:com.androidsample.generalstore
[INFO ] 2023-05-18 18:02:08.965 [main] AppiumCommonUtils - get Package before start activity:com.androidsample.generalstore.SplashActivity
[INFO ] 2023-05-18 18:02:08.967 [main] AppiumCommonUtils - Teardown is start
[ERROR] 2023-05-18 18:02:08.968 [main] AppiumCommonUtils - Appium server is not closing:- null
[INFO ] 2023-05-18 18:02:08.988 [main] Utils - [Utils] DynamicGraphHelper.createDynamicGraph() took 0 ms.
[ERROR] 2023-05-18 18:02:08.989 [main] AppiumCommonUtils - SuperBaseclass: Setup() is Start
[FATAL] 2023-05-18 18:02:08.989 [main] AppiumCommonUtils - fatal message
[WARN ] 2023-05-18 18:02:08.990 [main] AppiumCommonUtils - warn message
[INFO ] 2023-05-18 18:02:08.991 [main] AppiumCommonUtils - Properties file is loaded by setupPropertiesLoad()
[INFO ] 2023-05-18 18:02:08.991 [main] AppiumCommonUtils - startAppiumServer() method is call
[ERROR] 2023-05-18 18:02:08.994 [main] AppiumCommonUtils - ***** Appium server is not started : The invalid IP address $ipaddress is defined
[INFO ] 2023-05-18 18:02:08.994 [main] AppiumCommonUtils - Set APK file name is:- General-Store
[INFO ] 2023-05-18 18:02:08.994 [main] AppiumCommonUtils - getCapabilities() method is call
[ERROR] 2023-05-18 18:02:09.032 [main] AppiumCommonUtils - ***** Capabilities not get, check device adb connection:- null
[ERROR] 2023-05-18 18:02:09.033 [main] AppiumCommonUtils - ***** SuperBaseclass: Setup() is not run..null
[INFO ] 2023-05-18 18:02:09.039 [main] AppiumCommonUtils - BeforeMethod() start
[INFO ] 2023-05-18 18:02:09.040 [main] AppiumCommonUtils - get Package before start activity:com.androidsample.generalstore
[INFO ] 2023-05-18 18:02:09.041 [main] AppiumCommonUtils - get Package before start activity:com.androidsample.generalstore.SplashActivity
[INFO ] 2023-05-18 18:02:09.043 [main] AppiumCommonUtils - Teardown is start
[ERROR] 2023-05-18 18:02:09.043 [main] AppiumCommonUtils - Appium server is not closing:- null
[INFO ] 2023-05-18 18:02:09.065 [main] Utils - [Utils] DynamicGraphHelper.createDynamicGraph() took 0 ms.
[INFO ] 2023-05-18 18:02:09.096 [main] Utils - [TestNG] Time taken by org.testng.internal.ExitCodeListener@2bc378f7: 0 ms
[INFO ] 2023-05-18 18:02:09.146 [main] Utils - [TestNG] Time taken by org.testng.reporters.SuiteHTMLReporter@34780cd9: 50 ms
[ERROR] 2023-05-18 18:02:09.196 [main] Main - C:\Users\Achal Trivedi\IdeaProjects\AppiumFrameworkDesign\target\surefire-reports\jquery-3.6.0.min.js
java.nio.file.FileAlreadyExistsException: C:\Users\Achal Trivedi\IdeaProjects\AppiumFrameworkDesign\target\surefire-reports\jquery-3.6.0.min.js
	at sun.nio.fs.WindowsException.translateToIOException(WindowsException.java:87) ~[?:?]
	at sun.nio.fs.WindowsException.rethrowAsIOException(WindowsException.java:103) ~[?:?]
	at sun.nio.fs.WindowsException.rethrowAsIOException(WindowsException.java:108) ~[?:?]
	at sun.nio.fs.WindowsFileSystemProvider.newByteChannel(WindowsFileSystemProvider.java:235) ~[?:?]
	at java.nio.file.spi.FileSystemProvider.newOutputStream(FileSystemProvider.java:478) ~[?:?]
	at java.nio.file.Files.newOutputStream(Files.java:220) ~[?:?]
	at java.nio.file.Files.copy(Files.java:3067) ~[?:?]
	at org.testng.reporters.jq.Main.generateReport(Main.java:95) [testng-7.6.1.jar:7.6.1]
	at org.testng.TestNG.generateReports(TestNG.java:1134) [testng-7.6.1.jar:7.6.1]
	at org.testng.TestNG.run(TestNG.java:1072) [testng-7.6.1.jar:7.6.1]
	at org.apache.maven.surefire.testng.TestNGExecutor.run(TestNGExecutor.java:308) [surefire-testng-3.0.0.jar:3.0.0]
	at org.apache.maven.surefire.testng.TestNGXmlTestSuite.execute(TestNGXmlTestSuite.java:71) [surefire-testng-3.0.0.jar:3.0.0]
	at org.apache.maven.surefire.testng.TestNGProvider.invoke(TestNGProvider.java:113) [surefire-testng-3.0.0.jar:3.0.0]
	at org.apache.maven.surefire.booter.ForkedBooter.runSuitesInProcess(ForkedBooter.java:385) [surefire-booter-3.0.0.jar:3.0.0]
	at org.apache.maven.surefire.booter.ForkedBooter.execute(ForkedBooter.java:162) [surefire-booter-3.0.0.jar:3.0.0]
	at org.apache.maven.surefire.booter.ForkedBooter.run(ForkedBooter.java:507) [surefire-booter-3.0.0.jar:3.0.0]
	at org.apache.maven.surefire.booter.ForkedBooter.main(ForkedBooter.java:495) [surefire-booter-3.0.0.jar:3.0.0]
[INFO ] 2023-05-18 18:02:09.209 [main] Utils - [TestNG] Time taken by org.testng.reporters.jq.Main@2373ad99: 62 ms
[INFO ] 2023-05-18 18:02:09.376 [main] Utils - [TestNG] Time taken by org.testng.reporters.FailedReporter@177515d1: 167 ms
[INFO ] 2023-05-18 18:02:09.393 [main] Utils - [TestNG] Time taken by org.testng.reporters.XMLReporter@737d100a: 17 ms
[INFO ] 2023-05-18 18:02:09.408 [main] Utils - [TestNG] Time taken by org.testng.reporters.EmailableReporter2@4601203a: 14 ms
[INFO ] 2023-05-18 18:02:09.429 [main] Utils - [TestNG] Time taken by org.testng.reporters.JUnitReportReporter@57435801: 21 ms
